2014-9-26 15:31:03 INFO:[dataprotect.ui.SanBootView] 二炮应急恢复系统配置管理器 6.1.0 版 buildtime:   Log Level: 1
2014-9-26 15:31:03 INFO:[dataprotect.ui.SanBootView] Restore mirror type: 2
2014-9-26 15:31:03 INFO:[dataprotect.ui.SanBootView] global high delta: 0
2014-9-26 15:31:03 INFO:[dataprotect.ui.SanBootView] global width delta: 0
2014-9-26 15:31:09 INFO:[dataprotect.data.ManageDB] begin to login server.
2014-9-26 15:31:09 ERROR:[dataprotect.data.ManageDB] login server error: 用户名或密码错误。
2014-9-26 15:31:10 INFO:[dataprotect.data.ManageDB] begin to login server.
2014-9-26 15:31:10 ERROR:[dataprotect.data.ManageDB] login server error: 用户名或密码错误。
2014-9-26 15:31:11 INFO:[dataprotect.data.ManageDB] begin to login server.
2014-9-26 15:31:11 ERROR:[dataprotect.data.ManageDB] login server error: 用户名或密码错误。
2014-9-26 15:31:14 INFO:[dataprotect.LoginAction] ########### Entering login action. 
2014-9-26 15:31:43 INFO:[dataprotect.data.ManageDB] begin to login server.
2014-9-26 15:31:43 INFO:[dataprotect.data.ManageDB] login server successfully.
2014-9-26 15:31:43 INFO:[dataprotect.data.GetConfigFile]  get config file cmd: cat /etc/odybk.conf
2014-9-26 15:31:44 INFO:[dataprotect.data.GetConfigFile]  get config file retcode: 0
2014-9-26 15:31:44 INFO:[dataprotect.data.GetDhcpConfig]  get dhcp config cmd: cat /usr/odybk/server/conf/dhcp.conf
2014-9-26 15:31:45 INFO:[dataprotect.data.GetDhcpConfig]  get dhcp config retcode: 0
2014-9-26 15:31:45 INFO:[dataprotect.data.GetBootHost]  get BootHost cmd: /usr/odybk/server/bin/idbmgr -clnt -prt all
2014-9-26 15:31:46 INFO:[dataprotect.data.GetBootHost]  get BootHost retcode: 0
2014-9-26 15:31:46 INFO:[dataprotect.datadup.cmd.GetBakClient]  get bak clnt cmd: /usr/odybk/server/bin/dbmgr -clnt -prt all
2014-9-26 15:31:47 INFO:[dataprotect.datadup.cmd.GetBakClient]  get bak clnt cmd retcode: 0
2014-9-26 15:31:47 INFO:[dataprotect.data.GetVolumeMap]  get volmap list cmd: /usr/odybk/server/bin/idbmgr -vol -prt all
2014-9-26 15:31:48 INFO:[dataprotect.data.GetVolumeMap]  get volmap list retcode: 0
2014-9-26 15:31:48 INFO:[dataprotect.data.GetIbootObjList]  get iboot list cmd: shell iboot list
2014-9-26 15:31:50 INFO:[dataprotect.data.GetIbootObjList]  get iboot list cmd retcode: 0
2014-9-26 15:31:50 INFO:[dataprotect.data.GetServMap]  get servicemap cmd: /usr/odybk/server/bin/idbmgr -serv -prt all
2014-9-26 15:31:51 INFO:[dataprotect.data.GetServMap]  get servicemap retcode: 0
2014-9-26 15:31:51 INFO:[dataprotect.data.GetBackupUser]  get bak user cmd: /usr/odybk/server/bin/dbmgr -acct -prt all
2014-9-26 15:31:52 INFO:[dataprotect.data.GetBackupUser]  get bak user cmd retcode: 0
2014-9-26 15:31:52 INFO:[dataprotect.data.GetPool]  getpool cmd: /usr/odybk/vsnap/vdbmgr -pool -prt all
2014-9-26 15:31:53 INFO:[dataprotect.data.GetPool]  getpool retcode: 0
2014-9-26 15:31:53 INFO:[dataprotect.data.GetMGList]  get mg cmd: /usr/odybk/vsnap/vdbmgr -mg -prt all
2014-9-26 15:31:54 INFO:[dataprotect.data.GetMGList]  get mg retcode: 0
2014-9-26 15:31:54 INFO:[dataprotect.data.GetNetBootedHost]  get netbooted-host cmd: /usr/odybk/server/bin/idbmgr -dstagnt -prt all
2014-9-26 15:31:55 INFO:[dataprotect.data.GetNetBootedHost]  get netbooted-host retcode: 0
2014-9-26 15:31:55 INFO:[dataprotect.data.GetMirrorSnapusage]  get mirror_snap_usage cmd: /usr/odybk/server/bin/idbmgr -snapusage -prt all
2014-9-26 15:31:56 INFO:[dataprotect.data.GetMirrorSnapusage]  get mirror_snap_usage retcode: 0
2014-9-26 15:31:56 INFO:[dataprotect.cmdp.service.GetDriveGroup]  get drivegroup cmd: /usr/odybk/server/bin/phydup_hash.sh uws_drivesgroup_getall
2014-9-26 15:31:57 INFO:[dataprotect.cmdp.service.GetDriveGroup]  get drivegroup retcode: 0
2014-9-26 15:31:57 INFO:[dataprotect.datadup.cmd.ListProfile]  list profile cmd: /usr/odybk/server/bin/listprofile
2014-9-26 15:31:58 INFO:[dataprotect.datadup.cmd.ListProfile]  list profile recode: 0
2014-9-26 15:31:58 INFO:[dataprotect.datadup.cmd.GetBakObjList]  list bakobj cmd: /usr/odybk/server/bin/dbmgr -bobj -prt all
2014-9-26 15:31:59 INFO:[dataprotect.datadup.cmd.GetBakObjList]  list bakobj cmd retcode: 0
2014-9-26 15:31:59 INFO:[dataprotect.datadup.cmd.GetSchList]  get sch list cmd: /usr/odybk/server/bin/dbmgr -sch -prt all
2014-9-26 15:32:00 INFO:[dataprotect.datadup.cmd.GetSchList]  get sch list cmd retcode: 0
2014-9-26 15:32:00 INFO:[dataprotect.data.GetPoolInfo]  get poolinfo cmd: /usr/odybk/vsnap/poolinfo 1
2014-9-26 15:32:02 INFO:[dataprotect.data.GetPoolInfo]  get poolinfo cmd retcode: 0
2014-9-26 15:32:02 INFO:[dataprotect.data.GetLicence]  get license cmd: /usr/odybk/server/bin/listlicence
2014-9-26 15:32:03 INFO:[dataprotect.data.GetLicence]  get license retcode: 0
2014-9-26 15:32:03 INFO:[dataprotect.ui.InitApp] mtpp point: 8
2014-9-26 15:32:03 INFO:[dataprotect.ui.InitApp] cmdp point: 8
2014-9-26 15:32:03 INFO:[dataprotect.ui.InitApp] mtpp maxsnap num: 128
2014-9-26 15:32:03 INFO:[dataprotect.ui.InitApp] cmdp maxsnap num: 128
2014-9-26 15:32:04 INFO:[dataprotect.data.ManageDB]  add audit log cmd: /usr/odybk/server/bin/idbmgr -audit -add  audit_user_id=1 audit_time=20140926153204 audit_clnt_id=0 audit_event_id=2  "audit_event_desc=Logon to system successfully."
2014-9-26 15:32:05 INFO:[dataprotect.data.ManageDB]  add audit log retcode: 0
2014-9-26 15:32:05 INFO:[dataprotect.LoginAction] ########### End of login action. 
2014-9-26 15:32:06 INFO:[dataprotect.DhcpSet] ########### Entering dhcp operation action. 
2014-9-26 15:32:14 INFO:[dataprotect.data.ViewTextFile] viewFile cmd: cat /etc/sysconfig/customdrv/dhcpenable
2014-9-26 15:32:15 INFO:[dataprotect.data.ViewTextFile] viewFile cmd retcode: 0
2014-9-26 15:32:15 INFO:[dataprotect.data.GetGlobalOptFromDHCP] getGlobalOptFromDHCP cmd: /usr/odybk/server/bin/dhcp_set.sh listglobal
2014-9-26 15:32:16 INFO:[dataprotect.data.GetGlobalOptFromDHCP] getGlobalOptFromDHCP retcode: 0
2014-9-26 15:32:16 INFO:[dataprotect.data.GetSubnetFromDHCP] getSubnet from dhcp cmd: /usr/odybk/server/bin/dhcp_set.sh getsubnetinfo
2014-9-26 15:32:17 INFO:[dataprotect.data.GetSubnetFromDHCP] getSubnet from dhcp retcode: 0
2014-9-26 15:32:17 INFO:[dataprotect.data.GetIBootSrvFromDHCP] getIBootSrvFromDHCP cmd: /usr/odybk/server/bin/dhcp_set.sh listnextserver
2014-9-26 15:32:18 INFO:[dataprotect.data.GetIBootSrvFromDHCP] getIBootSrvFromDHCP retcode: 0
2014-9-26 15:32:18 INFO:[dataprotect.data.GetClientFromDHCP]  getClntFromDhcp cmd: /usr/odybk/server/bin/dhcp_set.sh listallclients
2014-9-26 15:32:19 INFO:[dataprotect.data.GetClientFromDHCP]  getClntFromDhcp retcode: 0
2014-9-26 15:32:52 INFO:[dataprotect.data.ViewTextFile] viewFile cmd: cat /etc/sysconfig/customdrv/dhcpenable
2014-9-26 15:32:53 INFO:[dataprotect.data.ViewTextFile] viewFile cmd retcode: 0
2014-9-26 15:32:53 INFO:[dataprotect.data.GetGlobalOptFromDHCP] getGlobalOptFromDHCP cmd: /usr/odybk/server/bin/dhcp_set.sh listglobal
2014-9-26 15:32:54 INFO:[dataprotect.data.GetGlobalOptFromDHCP] getGlobalOptFromDHCP retcode: 0
2014-9-26 15:32:54 INFO:[dataprotect.data.GetSubnetFromDHCP] getSubnet from dhcp cmd: /usr/odybk/server/bin/dhcp_set.sh getsubnetinfo
2014-9-26 15:32:55 INFO:[dataprotect.data.GetSubnetFromDHCP] getSubnet from dhcp retcode: 0
2014-9-26 15:32:55 INFO:[dataprotect.data.GetIBootSrvFromDHCP] getIBootSrvFromDHCP cmd: /usr/odybk/server/bin/dhcp_set.sh listnextserver
2014-9-26 15:32:56 INFO:[dataprotect.data.GetIBootSrvFromDHCP] getIBootSrvFromDHCP retcode: 0
2014-9-26 15:32:56 INFO:[dataprotect.data.GetClientFromDHCP]  getClntFromDhcp cmd: /usr/odybk/server/bin/dhcp_set.sh listallclients
2014-9-26 15:32:57 INFO:[dataprotect.data.GetClientFromDHCP]  getClntFromDhcp retcode: 0
2014-9-26 15:33:25 INFO:[dataprotect.DhcpSet] ########### End of dhcp operation acion. 
2014-9-26 15:33:29 INFO:[dataprotect.LogoutAction] ########### Entering logout action. 
2014-9-26 15:33:29 INFO:[dataprotect.data.ManageDB]  add audit log cmd: /usr/odybk/server/bin/idbmgr -audit -add  audit_user_id=1 audit_time=20140926153329 audit_clnt_id=0 audit_event_id=3  "audit_event_desc=Logout from system successfully."
2014-9-26 15:33:30 INFO:[dataprotect.data.ManageDB]  add audit log retcode: 0
2014-9-26 15:33:30 INFO:[dataprotect.data.ManageDB] begin to logout server.
2014-9-26 15:33:30 ERROR:[dataprotect.data.ManageDB] logout server error: 
2014-9-26 15:33:30 INFO:[dataprotect.LogoutAction] ########### End of logout action. 
2014-9-26 15:33:30 INFO:[dataprotect.LoginAction] ########### Entering login action. 
2014-9-26 15:34:03 INFO:[dataprotect.LoginAction] ########### Entering login action. 
2014-9-26 15:34:51 INFO:[dataprotect.LoginAction] ########### Entering login action. 
2014-9-26 15:35:15 INFO:[dataprotect.data.ManageDB] begin to login server.
2014-9-26 15:35:15 INFO:[dataprotect.data.ManageDB] login server successfully.
2014-9-26 15:35:15 INFO:[dataprotect.data.GetConfigFile]  get config file cmd: cat /etc/odybk.conf
2014-9-26 15:35:16 INFO:[dataprotect.data.GetConfigFile]  get config file retcode: 0
2014-9-26 15:35:16 INFO:[dataprotect.data.GetDhcpConfig]  get dhcp config cmd: cat /usr/odybk/server/conf/dhcp.conf
2014-9-26 15:35:17 INFO:[dataprotect.data.GetDhcpConfig]  get dhcp config retcode: 0
2014-9-26 15:35:17 INFO:[dataprotect.data.GetBootHost]  get BootHost cmd: /usr/odybk/server/bin/idbmgr -clnt -prt all
2014-9-26 15:35:18 INFO:[dataprotect.data.GetBootHost]  get BootHost retcode: 0
2014-9-26 15:35:18 INFO:[dataprotect.datadup.cmd.GetBakClient]  get bak clnt cmd: /usr/odybk/server/bin/dbmgr -clnt -prt all
2014-9-26 15:35:19 INFO:[dataprotect.datadup.cmd.GetBakClient]  get bak clnt cmd retcode: 0
2014-9-26 15:35:19 INFO:[dataprotect.data.GetVolumeMap]  get volmap list cmd: /usr/odybk/server/bin/idbmgr -vol -prt all
2014-9-26 15:35:20 INFO:[dataprotect.data.GetVolumeMap]  get volmap list retcode: 0
2014-9-26 15:35:20 INFO:[dataprotect.data.GetIbootObjList]  get iboot list cmd: shell iboot list
2014-9-26 15:35:21 INFO:[dataprotect.data.GetIbootObjList]  get iboot list cmd retcode: 0
2014-9-26 15:35:21 INFO:[dataprotect.data.GetServMap]  get servicemap cmd: /usr/odybk/server/bin/idbmgr -serv -prt all
2014-9-26 15:35:22 INFO:[dataprotect.data.GetServMap]  get servicemap retcode: 0
2014-9-26 15:35:22 INFO:[dataprotect.data.GetBackupUser]  get bak user cmd: /usr/odybk/server/bin/dbmgr -acct -prt all
2014-9-26 15:35:23 INFO:[dataprotect.data.GetBackupUser]  get bak user cmd retcode: 0
2014-9-26 15:35:23 INFO:[dataprotect.data.GetPool]  getpool cmd: /usr/odybk/vsnap/vdbmgr -pool -prt all
2014-9-26 15:35:24 INFO:[dataprotect.data.GetPool]  getpool retcode: 0
2014-9-26 15:35:24 INFO:[dataprotect.data.GetMGList]  get mg cmd: /usr/odybk/vsnap/vdbmgr -mg -prt all
2014-9-26 15:35:25 INFO:[dataprotect.data.GetMGList]  get mg retcode: 0
2014-9-26 15:35:25 INFO:[dataprotect.data.GetNetBootedHost]  get netbooted-host cmd: /usr/odybk/server/bin/idbmgr -dstagnt -prt all
2014-9-26 15:35:26 INFO:[dataprotect.data.GetNetBootedHost]  get netbooted-host retcode: 0
2014-9-26 15:35:26 INFO:[dataprotect.data.GetMirrorSnapusage]  get mirror_snap_usage cmd: /usr/odybk/server/bin/idbmgr -snapusage -prt all
2014-9-26 15:35:27 INFO:[dataprotect.data.GetMirrorSnapusage]  get mirror_snap_usage retcode: 0
2014-9-26 15:35:27 INFO:[dataprotect.cmdp.service.GetDriveGroup]  get drivegroup cmd: /usr/odybk/server/bin/phydup_hash.sh uws_drivesgroup_getall
2014-9-26 15:35:29 INFO:[dataprotect.cmdp.service.GetDriveGroup]  get drivegroup retcode: 0
2014-9-26 15:35:29 INFO:[dataprotect.datadup.cmd.ListProfile]  list profile cmd: /usr/odybk/server/bin/listprofile
2014-9-26 15:35:30 INFO:[dataprotect.datadup.cmd.ListProfile]  list profile recode: 0
2014-9-26 15:35:30 INFO:[dataprotect.datadup.cmd.GetBakObjList]  list bakobj cmd: /usr/odybk/server/bin/dbmgr -bobj -prt all
2014-9-26 15:35:31 INFO:[dataprotect.datadup.cmd.GetBakObjList]  list bakobj cmd retcode: 0
2014-9-26 15:35:31 INFO:[dataprotect.datadup.cmd.GetSchList]  get sch list cmd: /usr/odybk/server/bin/dbmgr -sch -prt all
2014-9-26 15:35:32 INFO:[dataprotect.datadup.cmd.GetSchList]  get sch list cmd retcode: 0
2014-9-26 15:35:32 INFO:[dataprotect.data.GetPoolInfo]  get poolinfo cmd: /usr/odybk/vsnap/poolinfo 1
2014-9-26 15:35:33 INFO:[dataprotect.data.GetPoolInfo]  get poolinfo cmd retcode: 0
2014-9-26 15:35:33 INFO:[dataprotect.data.GetLicence]  get license cmd: /usr/odybk/server/bin/listlicence
2014-9-26 15:35:34 INFO:[dataprotect.data.GetLicence]  get license retcode: 0
2014-9-26 15:35:34 INFO:[dataprotect.ui.InitApp] mtpp point: 8
2014-9-26 15:35:34 INFO:[dataprotect.ui.InitApp] cmdp point: 8
2014-9-26 15:35:34 INFO:[dataprotect.ui.InitApp] mtpp maxsnap num: 128
2014-9-26 15:35:34 INFO:[dataprotect.ui.InitApp] cmdp maxsnap num: 128
2014-9-26 15:35:35 INFO:[dataprotect.data.ManageDB]  add audit log cmd: /usr/odybk/server/bin/idbmgr -audit -add  audit_user_id=1 audit_time=20140926153535 audit_clnt_id=0 audit_event_id=2  "audit_event_desc=Logon to system successfully."
2014-9-26 15:35:36 INFO:[dataprotect.data.ManageDB]  add audit log retcode: 0
2014-9-26 15:35:36 INFO:[dataprotect.LoginAction] ########### End of login action. 
2014-9-26 15:35:50 INFO:[dataprotect.DhcpSet] ########### Entering dhcp operation action. 
2014-9-26 15:35:55 INFO:[dataprotect.data.ViewTextFile] viewFile cmd: cat /etc/sysconfig/customdrv/dhcpenable
2014-9-26 15:35:56 INFO:[dataprotect.data.ViewTextFile] viewFile cmd retcode: 0
2014-9-26 15:35:56 INFO:[dataprotect.data.GetGlobalOptFromDHCP] getGlobalOptFromDHCP cmd: /usr/odybk/server/bin/dhcp_set.sh listglobal
2014-9-26 15:35:57 INFO:[dataprotect.data.GetGlobalOptFromDHCP] getGlobalOptFromDHCP retcode: 0
2014-9-26 15:35:57 INFO:[dataprotect.data.GetSubnetFromDHCP] getSubnet from dhcp cmd: /usr/odybk/server/bin/dhcp_set.sh getsubnetinfo
2014-9-26 15:35:58 INFO:[dataprotect.data.GetSubnetFromDHCP] getSubnet from dhcp retcode: 0
2014-9-26 15:35:58 INFO:[dataprotect.data.GetIBootSrvFromDHCP] getIBootSrvFromDHCP cmd: /usr/odybk/server/bin/dhcp_set.sh listnextserver
2014-9-26 15:35:59 INFO:[dataprotect.data.GetIBootSrvFromDHCP] getIBootSrvFromDHCP retcode: 0
2014-9-26 15:35:59 INFO:[dataprotect.data.GetClientFromDHCP]  getClntFromDhcp cmd: /usr/odybk/server/bin/dhcp_set.sh listallclients
2014-9-26 15:36:00 INFO:[dataprotect.data.GetClientFromDHCP]  getClntFromDhcp retcode: 0
2014-9-26 15:36:27 INFO:[dataprotect.DhcpSet] ########### End of dhcp operation acion. 
2014-9-26 15:36:28 INFO:[dataprotect.LogoutAction] ########### Entering logout action. 
2014-9-26 15:36:28 INFO:[dataprotect.data.ManageDB]  add audit log cmd: /usr/odybk/server/bin/idbmgr -audit -add  audit_user_id=1 audit_time=20140926153628 audit_clnt_id=0 audit_event_id=3  "audit_event_desc=Logout from system successfully."
2014-9-26 15:36:29 INFO:[dataprotect.data.ManageDB]  add audit log retcode: 0
2014-9-26 15:36:29 INFO:[dataprotect.data.ManageDB] begin to logout server.
2014-9-26 15:36:29 ERROR:[dataprotect.data.ManageDB] logout server error: 
2014-9-26 15:36:29 INFO:[dataprotect.LogoutAction] ########### End of logout action. 
2014-9-26 15:36:29 INFO:[dataprotect.LoginAction] ########### Entering login action. 
2014-9-26 15:36:36 INFO:[dataprotect.data.ManageDB] begin to login server.
2014-9-26 15:36:36 INFO:[dataprotect.data.ManageDB] login server successfully.
2014-9-26 15:36:36 INFO:[dataprotect.data.GetConfigFile]  get config file cmd: cat /etc/odybk.conf
2014-9-26 15:36:37 INFO:[dataprotect.data.GetConfigFile]  get config file retcode: 0
2014-9-26 15:36:37 INFO:[dataprotect.data.GetDhcpConfig]  get dhcp config cmd: cat /usr/odybk/server/conf/dhcp.conf
2014-9-26 15:36:38 INFO:[dataprotect.data.GetDhcpConfig]  get dhcp config retcode: 0
2014-9-26 15:36:38 INFO:[dataprotect.data.GetBootHost]  get BootHost cmd: /usr/odybk/server/bin/idbmgr -clnt -prt all
2014-9-26 15:36:39 INFO:[dataprotect.data.GetBootHost]  get BootHost retcode: 0
2014-9-26 15:36:39 INFO:[dataprotect.datadup.cmd.GetBakClient]  get bak clnt cmd: /usr/odybk/server/bin/dbmgr -clnt -prt all
2014-9-26 15:36:40 INFO:[dataprotect.datadup.cmd.GetBakClient]  get bak clnt cmd retcode: 0
2014-9-26 15:36:40 INFO:[dataprotect.data.GetVolumeMap]  get volmap list cmd: /usr/odybk/server/bin/idbmgr -vol -prt all
2014-9-26 15:36:41 INFO:[dataprotect.data.GetVolumeMap]  get volmap list retcode: 0
2014-9-26 15:36:41 INFO:[dataprotect.data.GetIbootObjList]  get iboot list cmd: shell iboot list
2014-9-26 15:36:42 INFO:[dataprotect.data.GetIbootObjList]  get iboot list cmd retcode: 0
2014-9-26 15:36:42 INFO:[dataprotect.data.GetServMap]  get servicemap cmd: /usr/odybk/server/bin/idbmgr -serv -prt all
2014-9-26 15:36:43 INFO:[dataprotect.data.GetServMap]  get servicemap retcode: 0
2014-9-26 15:36:43 INFO:[dataprotect.data.GetBackupUser]  get bak user cmd: /usr/odybk/server/bin/dbmgr -acct -prt all
2014-9-26 15:36:44 INFO:[dataprotect.data.GetBackupUser]  get bak user cmd retcode: 0
2014-9-26 15:36:44 INFO:[dataprotect.data.GetPool]  getpool cmd: /usr/odybk/vsnap/vdbmgr -pool -prt all
2014-9-26 15:36:45 INFO:[dataprotect.data.GetPool]  getpool retcode: 0
2014-9-26 15:36:45 INFO:[dataprotect.data.GetMGList]  get mg cmd: /usr/odybk/vsnap/vdbmgr -mg -prt all
2014-9-26 15:36:46 INFO:[dataprotect.data.GetMGList]  get mg retcode: 0
2014-9-26 15:36:46 INFO:[dataprotect.data.GetNetBootedHost]  get netbooted-host cmd: /usr/odybk/server/bin/idbmgr -dstagnt -prt all
2014-9-26 15:36:47 INFO:[dataprotect.data.GetNetBootedHost]  get netbooted-host retcode: 0
2014-9-26 15:36:47 INFO:[dataprotect.data.GetMirrorSnapusage]  get mirror_snap_usage cmd: /usr/odybk/server/bin/idbmgr -snapusage -prt all
2014-9-26 15:36:48 INFO:[dataprotect.data.GetMirrorSnapusage]  get mirror_snap_usage retcode: 0
2014-9-26 15:36:48 INFO:[dataprotect.cmdp.service.GetDriveGroup]  get drivegroup cmd: /usr/odybk/server/bin/phydup_hash.sh uws_drivesgroup_getall
2014-9-26 15:36:50 INFO:[dataprotect.cmdp.service.GetDriveGroup]  get drivegroup retcode: 0
2014-9-26 15:36:50 INFO:[dataprotect.datadup.cmd.ListProfile]  list profile cmd: /usr/odybk/server/bin/listprofile
2014-9-26 15:36:51 INFO:[dataprotect.datadup.cmd.ListProfile]  list profile recode: 0
2014-9-26 15:36:51 INFO:[dataprotect.datadup.cmd.GetBakObjList]  list bakobj cmd: /usr/odybk/server/bin/dbmgr -bobj -prt all
2014-9-26 15:36:52 INFO:[dataprotect.datadup.cmd.GetBakObjList]  list bakobj cmd retcode: 0
2014-9-26 15:36:52 INFO:[dataprotect.datadup.cmd.GetSchList]  get sch list cmd: /usr/odybk/server/bin/dbmgr -sch -prt all
2014-9-26 15:36:53 INFO:[dataprotect.datadup.cmd.GetSchList]  get sch list cmd retcode: 0
2014-9-26 15:36:53 INFO:[dataprotect.data.GetPoolInfo]  get poolinfo cmd: /usr/odybk/vsnap/poolinfo 1
2014-9-26 15:36:54 INFO:[dataprotect.data.GetPoolInfo]  get poolinfo cmd retcode: 0
2014-9-26 15:36:54 INFO:[dataprotect.data.GetLicence]  get license cmd: /usr/odybk/server/bin/listlicence
2014-9-26 15:36:55 INFO:[dataprotect.data.GetLicence]  get license retcode: 0
2014-9-26 15:36:55 INFO:[dataprotect.ui.InitApp] mtpp point: 8
2014-9-26 15:36:55 INFO:[dataprotect.ui.InitApp] cmdp point: 8
2014-9-26 15:36:55 INFO:[dataprotect.ui.InitApp] mtpp maxsnap num: 128
2014-9-26 15:36:55 INFO:[dataprotect.ui.InitApp] cmdp maxsnap num: 128
2014-9-26 15:36:57 INFO:[dataprotect.data.ManageDB]  add audit log cmd: /usr/odybk/server/bin/idbmgr -audit -add  audit_user_id=1 audit_time=20140926153657 audit_clnt_id=0 audit_event_id=2  "audit_event_desc=Logon to system successfully."
2014-9-26 15:36:58 INFO:[dataprotect.data.ManageDB]  add audit log retcode: 0
2014-9-26 15:36:58 INFO:[dataprotect.LoginAction] ########### End of login action. 
2014-9-26 15:37:08 INFO:[dataprotect.DhcpSet] ########### Entering dhcp operation action. 
2014-9-26 15:37:12 INFO:[dataprotect.data.ViewTextFile] viewFile cmd: cat /etc/sysconfig/customdrv/dhcpenable
2014-9-26 15:37:13 INFO:[dataprotect.data.ViewTextFile] viewFile cmd retcode: 0
2014-9-26 15:37:13 INFO:[dataprotect.data.GetGlobalOptFromDHCP] getGlobalOptFromDHCP cmd: /usr/odybk/server/bin/dhcp_set.sh listglobal
2014-9-26 15:37:14 INFO:[dataprotect.data.GetGlobalOptFromDHCP] getGlobalOptFromDHCP retcode: 0
2014-9-26 15:37:14 INFO:[dataprotect.data.GetSubnetFromDHCP] getSubnet from dhcp cmd: /usr/odybk/server/bin/dhcp_set.sh getsubnetinfo
2014-9-26 15:37:15 INFO:[dataprotect.data.GetSubnetFromDHCP] getSubnet from dhcp retcode: 0
2014-9-26 15:37:15 INFO:[dataprotect.data.GetIBootSrvFromDHCP] getIBootSrvFromDHCP cmd: /usr/odybk/server/bin/dhcp_set.sh listnextserver
2014-9-26 15:37:16 INFO:[dataprotect.data.GetIBootSrvFromDHCP] getIBootSrvFromDHCP retcode: 0
2014-9-26 15:37:16 INFO:[dataprotect.data.GetClientFromDHCP]  getClntFromDhcp cmd: /usr/odybk/server/bin/dhcp_set.sh listallclients
2014-9-26 15:37:17 INFO:[dataprotect.data.GetClientFromDHCP]  getClntFromDhcp retcode: 0
2014-9-26 15:37:55 INFO:[dataprotect.DhcpSet] ########### End of dhcp operation acion. 
2014-9-26 15:37:56 INFO:[dataprotect.LogoutAction] ########### Entering logout action. 
2014-9-26 15:37:56 INFO:[dataprotect.data.ManageDB]  add audit log cmd: /usr/odybk/server/bin/idbmgr -audit -add  audit_user_id=1 audit_time=20140926153756 audit_clnt_id=0 audit_event_id=3  "audit_event_desc=Logout from system successfully."
2014-9-26 15:37:57 INFO:[dataprotect.data.ManageDB]  add audit log retcode: 0
2014-9-26 15:37:57 INFO:[dataprotect.data.ManageDB] begin to logout server.
2014-9-26 15:37:57 ERROR:[dataprotect.data.ManageDB] logout server error: 
2014-9-26 15:37:57 INFO:[dataprotect.LogoutAction] ########### End of logout action. 
2014-9-26 15:37:58 INFO:[dataprotect.LoginAction] ########### Entering login action. 
2014-9-26 15:38:05 INFO:[dataprotect.data.ManageDB] begin to login server.
2014-9-26 15:38:05 INFO:[dataprotect.data.ManageDB] login server successfully.
2014-9-26 15:38:05 INFO:[dataprotect.data.GetConfigFile]  get config file cmd: cat /etc/odybk.conf
2014-9-26 15:38:06 INFO:[dataprotect.data.GetConfigFile]  get config file retcode: 0
2014-9-26 15:38:06 INFO:[dataprotect.data.GetDhcpConfig]  get dhcp config cmd: cat /usr/odybk/server/conf/dhcp.conf
2014-9-26 15:38:08 INFO:[dataprotect.data.GetDhcpConfig]  get dhcp config retcode: 0
2014-9-26 15:38:08 INFO:[dataprotect.data.GetBootHost]  get BootHost cmd: /usr/odybk/server/bin/idbmgr -clnt -prt all
2014-9-26 15:38:09 INFO:[dataprotect.data.GetBootHost]  get BootHost retcode: 0
2014-9-26 15:38:09 INFO:[dataprotect.datadup.cmd.GetBakClient]  get bak clnt cmd: /usr/odybk/server/bin/dbmgr -clnt -prt all
2014-9-26 15:38:10 INFO:[dataprotect.datadup.cmd.GetBakClient]  get bak clnt cmd retcode: 0
2014-9-26 15:38:10 INFO:[dataprotect.data.GetVolumeMap]  get volmap list cmd: /usr/odybk/server/bin/idbmgr -vol -prt all
2014-9-26 15:38:11 INFO:[dataprotect.data.GetVolumeMap]  get volmap list retcode: 0
2014-9-26 15:38:11 INFO:[dataprotect.data.GetIbootObjList]  get iboot list cmd: shell iboot list
2014-9-26 15:38:12 INFO:[dataprotect.data.GetIbootObjList]  get iboot list cmd retcode: 0
2014-9-26 15:38:12 INFO:[dataprotect.data.GetServMap]  get servicemap cmd: /usr/odybk/server/bin/idbmgr -serv -prt all
2014-9-26 15:38:13 INFO:[dataprotect.data.GetServMap]  get servicemap retcode: 0
2014-9-26 15:38:13 INFO:[dataprotect.data.GetBackupUser]  get bak user cmd: /usr/odybk/server/bin/dbmgr -acct -prt all
2014-9-26 15:38:14 INFO:[dataprotect.data.GetBackupUser]  get bak user cmd retcode: 0
2014-9-26 15:38:14 INFO:[dataprotect.data.GetPool]  getpool cmd: /usr/odybk/vsnap/vdbmgr -pool -prt all
2014-9-26 15:38:15 INFO:[dataprotect.data.GetPool]  getpool retcode: 0
2014-9-26 15:38:15 INFO:[dataprotect.data.GetMGList]  get mg cmd: /usr/odybk/vsnap/vdbmgr -mg -prt all
2014-9-26 15:38:16 INFO:[dataprotect.data.GetMGList]  get mg retcode: 0
2014-9-26 15:38:16 INFO:[dataprotect.data.GetNetBootedHost]  get netbooted-host cmd: /usr/odybk/server/bin/idbmgr -dstagnt -prt all
2014-9-26 15:38:17 INFO:[dataprotect.data.GetNetBootedHost]  get netbooted-host retcode: 0
2014-9-26 15:38:17 INFO:[dataprotect.data.GetMirrorSnapusage]  get mirror_snap_usage cmd: /usr/odybk/server/bin/idbmgr -snapusage -prt all
2014-9-26 15:38:18 INFO:[dataprotect.data.GetMirrorSnapusage]  get mirror_snap_usage retcode: 0
2014-9-26 15:38:18 INFO:[dataprotect.cmdp.service.GetDriveGroup]  get drivegroup cmd: /usr/odybk/server/bin/phydup_hash.sh uws_drivesgroup_getall
2014-9-26 15:38:20 INFO:[dataprotect.cmdp.service.GetDriveGroup]  get drivegroup retcode: 0
2014-9-26 15:38:20 INFO:[dataprotect.datadup.cmd.ListProfile]  list profile cmd: /usr/odybk/server/bin/listprofile
2014-9-26 15:38:21 INFO:[dataprotect.datadup.cmd.ListProfile]  list profile recode: 0
2014-9-26 15:38:21 INFO:[dataprotect.datadup.cmd.GetBakObjList]  list bakobj cmd: /usr/odybk/server/bin/dbmgr -bobj -prt all
2014-9-26 15:38:22 INFO:[dataprotect.datadup.cmd.GetBakObjList]  list bakobj cmd retcode: 0
2014-9-26 15:38:22 INFO:[dataprotect.datadup.cmd.GetSchList]  get sch list cmd: /usr/odybk/server/bin/dbmgr -sch -prt all
2014-9-26 15:38:23 INFO:[dataprotect.datadup.cmd.GetSchList]  get sch list cmd retcode: 0
2014-9-26 15:38:23 INFO:[dataprotect.data.GetPoolInfo]  get poolinfo cmd: /usr/odybk/vsnap/poolinfo 1
2014-9-26 15:38:24 INFO:[dataprotect.data.GetPoolInfo]  get poolinfo cmd retcode: 0
2014-9-26 15:38:24 INFO:[dataprotect.data.GetLicence]  get license cmd: /usr/odybk/server/bin/listlicence
2014-9-26 15:38:25 INFO:[dataprotect.data.GetLicence]  get license retcode: 0
2014-9-26 15:38:25 INFO:[dataprotect.ui.InitApp] mtpp point: 8
2014-9-26 15:38:25 INFO:[dataprotect.ui.InitApp] cmdp point: 8
2014-9-26 15:38:25 INFO:[dataprotect.ui.InitApp] mtpp maxsnap num: 128
2014-9-26 15:38:25 INFO:[dataprotect.ui.InitApp] cmdp maxsnap num: 128
2014-9-26 15:38:26 INFO:[dataprotect.data.ManageDB]  add audit log cmd: /usr/odybk/server/bin/idbmgr -audit -add  audit_user_id=1 audit_time=20140926153826 audit_clnt_id=0 audit_event_id=2  "audit_event_desc=Logon to system successfully."
2014-9-26 15:38:28 INFO:[dataprotect.data.ManageDB]  add audit log retcode: 0
2014-9-26 15:38:28 INFO:[dataprotect.LoginAction] ########### End of login action. 
2014-9-26 15:38:45 INFO:[dataprotect.DhcpSet] ########### Entering dhcp operation action. 
2014-9-26 15:38:47 INFO:[dataprotect.DhcpSet] ########### End of dhcp operation acion. 
