2014-9-26 17:29:53 INFO:[dataprotect.ui.SanBootView] 二炮应急恢复系统配置管理器 6.1.0 版 buildtime:   Log Level: 1
2014-9-26 17:29:53 INFO:[dataprotect.ui.SanBootView] Restore mirror type: 2
2014-9-26 17:29:53 INFO:[dataprotect.ui.SanBootView] global high delta: 0
2014-9-26 17:29:53 INFO:[dataprotect.ui.SanBootView] global width delta: 0
2014-9-26 17:30:01 INFO:[dataprotect.data.ManageDB] begin to login server.
2014-9-26 17:30:01 INFO:[dataprotect.data.ManageDB] login server successfully.
2014-9-26 17:30:01 INFO:[dataprotect.data.GetConfigFile]  get config file cmd: cat /etc/odybk.conf
2014-9-26 17:30:02 INFO:[dataprotect.data.GetConfigFile]  get config file retcode: 0
2014-9-26 17:30:02 INFO:[dataprotect.data.GetDhcpConfig]  get dhcp config cmd: cat /usr/odybk/server/conf/dhcp.conf
2014-9-26 17:30:03 INFO:[dataprotect.data.GetDhcpConfig]  get dhcp config retcode: 0
2014-9-26 17:30:07 INFO:[dataprotect.ui.InitApp] getting dhcp info.....
2014-9-26 17:30:07 INFO:[dataprotect.data.ViewTextFile] viewFile cmd: cat /etc/sysconfig/customdrv/dhcpenable
2014-9-26 17:30:08 INFO:[dataprotect.data.ViewTextFile] viewFile cmd retcode: 0
2014-9-26 17:30:08 INFO:[dataprotect.ui.InitApp]  dhcpEnable: true
2014-9-26 17:30:08 INFO:[dataprotect.data.GetGlobalOptFromDHCP] getGlobalOptFromDHCP cmd: /usr/odybk/server/bin/dhcp_set.sh listglobal
2014-9-26 17:30:09 INFO:[dataprotect.data.GetGlobalOptFromDHCP] getGlobalOptFromDHCP retcode: 0
2014-9-26 17:30:09 INFO:[dataprotect.data.GetSubnetFromDHCP] getSubnet from dhcp cmd: /usr/odybk/server/bin/dhcp_set.sh getsubnetinfo
2014-9-26 17:30:10 INFO:[dataprotect.data.GetSubnetFromDHCP] getSubnet from dhcp retcode: 0
2014-9-26 17:30:10 INFO:[dataprotect.data.GetIBootSrvFromDHCP] getIBootSrvFromDHCP cmd: /usr/odybk/server/bin/dhcp_set.sh listnextserver
2014-9-26 17:30:11 INFO:[dataprotect.data.GetIBootSrvFromDHCP] getIBootSrvFromDHCP retcode: 0
2014-9-26 17:30:11 INFO:[dataprotect.data.GetClientFromDHCP]  getClntFromDhcp cmd: /usr/odybk/server/bin/dhcp_set.sh listallclients
2014-9-26 17:30:12 INFO:[dataprotect.data.GetClientFromDHCP]  getClntFromDhcp retcode: 0
2014-9-26 17:30:12 INFO:[dataprotect.data.GetBootHost]  get BootHost cmd: /usr/odybk/server/bin/idbmgr -clnt -prt all
2014-9-26 17:30:13 INFO:[dataprotect.data.GetBootHost]  get BootHost retcode: 0
2014-9-26 17:30:13 INFO:[dataprotect.datadup.cmd.GetBakClient]  get bak clnt cmd: /usr/odybk/server/bin/dbmgr -clnt -prt all
2014-9-26 17:30:14 INFO:[dataprotect.datadup.cmd.GetBakClient]  get bak clnt cmd retcode: 0
2014-9-26 17:30:14 INFO:[dataprotect.data.GetVolumeMap]  get volmap list cmd: /usr/odybk/server/bin/idbmgr -vol -prt all
2014-9-26 17:30:15 INFO:[dataprotect.data.GetVolumeMap]  get volmap list retcode: 0
2014-9-26 17:30:15 INFO:[dataprotect.data.GetIbootObjList]  get iboot list cmd: shell iboot list
2014-9-26 17:30:17 INFO:[dataprotect.data.GetIbootObjList]  get iboot list cmd retcode: 0
2014-9-26 17:30:17 INFO:[dataprotect.data.GetServMap]  get servicemap cmd: /usr/odybk/server/bin/idbmgr -serv -prt all
2014-9-26 17:30:18 INFO:[dataprotect.data.GetServMap]  get servicemap retcode: 0
2014-9-26 17:30:18 INFO:[dataprotect.data.GetBackupUser]  get bak user cmd: /usr/odybk/server/bin/dbmgr -acct -prt all
2014-9-26 17:30:19 INFO:[dataprotect.data.GetBackupUser]  get bak user cmd retcode: 0
2014-9-26 17:30:19 INFO:[dataprotect.data.GetPool]  getpool cmd: /usr/odybk/vsnap/vdbmgr -pool -prt all
2014-9-26 17:30:20 INFO:[dataprotect.data.GetPool]  getpool retcode: 0
2014-9-26 17:30:20 INFO:[dataprotect.data.GetMGList]  get mg cmd: /usr/odybk/vsnap/vdbmgr -mg -prt all
2014-9-26 17:30:21 INFO:[dataprotect.data.GetMGList]  get mg retcode: 0
2014-9-26 17:30:21 INFO:[dataprotect.data.GetNetBootedHost]  get netbooted-host cmd: /usr/odybk/server/bin/idbmgr -dstagnt -prt all
2014-9-26 17:30:22 INFO:[dataprotect.data.GetNetBootedHost]  get netbooted-host retcode: 0
2014-9-26 17:30:22 INFO:[dataprotect.data.GetMirrorSnapusage]  get mirror_snap_usage cmd: /usr/odybk/server/bin/idbmgr -snapusage -prt all
2014-9-26 17:30:23 INFO:[dataprotect.data.GetMirrorSnapusage]  get mirror_snap_usage retcode: 0
2014-9-26 17:30:23 INFO:[dataprotect.cmdp.service.GetDriveGroup]  get drivegroup cmd: /usr/odybk/server/bin/phydup_hash.sh uws_drivesgroup_getall
2014-9-26 17:30:24 INFO:[dataprotect.cmdp.service.GetDriveGroup]  get drivegroup retcode: 0
2014-9-26 17:30:24 INFO:[dataprotect.data.ManageDB] db type: 0 for 1_C_cmdp_BZH
2014-9-26 17:30:24 INFO:[dataprotect.datadup.cmd.ListProfile]  list profile cmd: /usr/odybk/server/bin/listprofile
2014-9-26 17:30:25 INFO:[dataprotect.datadup.cmd.ListProfile]  list profile recode: 0
2014-9-26 17:30:25 INFO:[dataprotect.datadup.cmd.GetBakObjList]  list bakobj cmd: /usr/odybk/server/bin/dbmgr -bobj -prt all
2014-9-26 17:30:27 INFO:[dataprotect.datadup.cmd.GetBakObjList]  list bakobj cmd retcode: 0
2014-9-26 17:30:27 INFO:[dataprotect.datadup.cmd.GetSchList]  get sch list cmd: /usr/odybk/server/bin/dbmgr -sch -prt all
2014-9-26 17:30:28 INFO:[dataprotect.datadup.cmd.GetSchList]  get sch list cmd retcode: 0
2014-9-26 17:30:28 INFO:[dataprotect.data.GetPoolInfo]  get poolinfo cmd: /usr/odybk/vsnap/poolinfo 1
2014-9-26 17:30:29 INFO:[dataprotect.data.GetPoolInfo]  get poolinfo cmd retcode: 0
2014-9-26 17:30:29 INFO:[dataprotect.data.GetLicence]  get license cmd: /usr/odybk/server/bin/listlicence
2014-9-26 17:30:30 INFO:[dataprotect.data.GetLicence]  get license retcode: 0
2014-9-26 17:30:30 INFO:[dataprotect.ui.InitApp] mtpp point: 8
2014-9-26 17:30:30 INFO:[dataprotect.ui.InitApp] cmdp point: 8
2014-9-26 17:30:30 INFO:[dataprotect.ui.InitApp] mtpp maxsnap num: 128
2014-9-26 17:30:30 INFO:[dataprotect.ui.InitApp] cmdp maxsnap num: 128
2014-9-26 17:30:31 INFO:[dataprotect.data.ManageDB]  add audit log cmd: /usr/odybk/server/bin/idbmgr -audit -add  audit_user_id=1 audit_time=20140926173031 audit_clnt_id=0 audit_event_id=2  "audit_event_desc=Logon to system successfully."
2014-9-26 17:30:32 INFO:[dataprotect.data.ManageDB]  add audit log retcode: 0
2014-9-26 17:33:08 INFO:[dataprotect.data.GetOrphanVol] listdisk cmd: /usr/odybk/vsnap/vdbmgr -printdb "select * from vsnap where snap_opened_type=2 or snap_opened_type=3;"
2014-9-26 17:33:09 INFO:[dataprotect.data.GetOrphanVol] listdisk cmd retcode: 0
2014-9-26 17:33:09 INFO:[dataprotect.cmdp.service.GetInitProgress]  get init-progress cmd: /usr/odybk/server/bin/phydup_hash.sh zulu_cmdp_query_initstat 192.168.1.28,2015,1_C_cmdp_BZH
2014-9-26 17:33:11 INFO:[dataprotect.cmdp.service.GetInitProgress]  get init-progress retcode: 0
2014-9-26 17:33:11 INFO:[dataprotect.data.ManageDB] check mg status cmd: /usr/odybk/vsnap/checkmg 1
2014-9-26 17:33:12 INFO:[dataprotect.data.ManageDB] check mg status cmd retcode: 255
2014-9-26 17:33:15 INFO:[dataprotect.data.GetActiveLink] get Active link cmd: /usr/odybk/server/bin/iscsi_boot_web.sh lsacn 32768
2014-9-26 17:33:17 INFO:[dataprotect.data.GetActiveLink] get Active link retcode: 0
2014-9-26 17:33:22 INFO:[dataprotect.data.GetBriefVDisk]  get brief disk cmd: /usr/odybk/vsnap/listsnap -m 1
2014-9-26 17:33:23 INFO:[dataprotect.data.GetBriefVDisk]  get brief disk cmd retcode: 0
2014-9-26 17:33:23 INFO:[dataprotect.data.QueryVSnapDB]  query vsnap db cmd: /usr/odybk/vsnap/vdbmgr -printdb "select * from vsnap where snap_opened_type=0 and snap_root_id=1;"
2014-9-26 17:33:24 INFO:[dataprotect.data.QueryVSnapDB]  query vsnap cmd retcode: 0
2014-9-26 17:33:24 INFO:[dataprotect.data.QueryVSnapDB]  query vsnap db cmd: /usr/odybk/vsnap/vdbmgr -printdb "select * from vsnap where snap_opened_type=-1 and snap_root_id=1;"
2014-9-26 17:33:25 INFO:[dataprotect.data.QueryVSnapDB]  query vsnap cmd retcode: 0
2014-9-26 17:33:25 INFO:[dataprotect.data.QueryVSnapDB]  query vsnap db cmd: /usr/odybk/vsnap/vdbmgr -printdb "select * from vsnap where snap_opened_type=-2 and snap_root_id=1;"
2014-9-26 17:33:26 INFO:[dataprotect.data.QueryVSnapDB]  query vsnap cmd retcode: 0
2014-9-26 17:33:51 INFO:[dataprotect.cmdp.action.QuerySyncStateAction] ########### Entering query sync state action. 
2014-9-26 17:33:51 INFO:[dataprotect.data.GetVolumeMap]  get one volmap list cmd: /usr/odybk/server/bin/idbmgr -vol -prt vol_name=1_C_cmdp_BZH
2014-9-26 17:33:52 INFO:[dataprotect.data.GetVolumeMap]  get one volmap list retcode: 0
2014-9-26 17:33:53 INFO:[dataprotect.cmdp.service.GetInitProgress]  get init-progress cmd: /usr/odybk/server/bin/phydup_hash.sh zulu_cmdp_query_initstat 192.168.1.28,2015,1_C_cmdp_BZH
2014-9-26 17:33:55 INFO:[dataprotect.cmdp.service.GetInitProgress]  get init-progress retcode: 0
2014-9-26 17:33:55 INFO:[dataprotect.cmdp.service.CommonCMDPCommand] get workstate of sync cmd: /usr/odybk/server/bin/phydup_fun.sh uws_db_volinfo_is_workasync 1
2014-9-26 17:33:57 INFO:[dataprotect.data.ManageDB] get workstate of sync cmd retcode: 0
2014-9-26 17:33:59 INFO:[dataprotect.cmdp.service.CommonCMDPCommand] set workstate of sync cmd: /usr/odybk/server/bin/phydup_fun.sh db_mod_workstate 1_C_cmdp_BZH,1,0
2014-9-26 17:34:01 INFO:[dataprotect.data.ManageDB] set workstate of sync cmd retcode: 0
2014-9-26 17:34:01 INFO:[dataprotect.data.GetVolumeMap]  get one volmap list cmd: /usr/odybk/server/bin/idbmgr -vol -prt vol_name=1_C_cmdp_BZH
2014-9-26 17:34:02 INFO:[dataprotect.data.GetVolumeMap]  get one volmap list retcode: 0
2014-9-26 17:34:02 INFO:[dataprotect.cmdp.service.CommonCMDPCommand] get workstate of sync cmd: /usr/odybk/server/bin/phydup_fun.sh uws_db_volinfo_is_workasync 17
2014-9-26 17:34:04 INFO:[dataprotect.data.ManageDB] get workstate of sync cmd retcode: 16
2014-9-26 17:34:16 INFO:[dataprotect.cmdp.service.CommonCMDPCommand] set currentstate of sync cmd: /usr/odybk/server/bin/phydup_fun.sh mirror_remote_set_mirror_state 192.168.1.28,2015,C,async,aaaa
2014-9-26 17:34:19 INFO:[dataprotect.data.ManageDB] set currentstate of sync cmd retcode: 0
2014-9-26 17:34:19 INFO:[dataprotect.cmdp.service.GetInitProgress]  get init-progress cmd: /usr/odybk/server/bin/phydup_hash.sh zulu_cmdp_query_initstat 192.168.1.28,2015,1_C_cmdp_BZH
2014-9-26 17:34:21 INFO:[dataprotect.cmdp.service.GetInitProgress]  get init-progress retcode: 0
2014-9-26 17:34:23 INFO:[dataprotect.data.GetVolumeMap]  get one volmap list cmd: /usr/odybk/server/bin/idbmgr -vol -prt vol_name=1_C_cmdp_BZH
2014-9-26 17:34:24 INFO:[dataprotect.data.GetVolumeMap]  get one volmap list retcode: 0
2014-9-26 17:34:24 INFO:[dataprotect.cmdp.action.QuerySyncStateAction] ########### End of query sync state action. 
2014-9-26 17:34:26 INFO:[dataprotect.data.GetPool]  getpool cmd: /usr/odybk/vsnap/vdbmgr -pool -prt all
2014-9-26 17:34:27 INFO:[dataprotect.data.GetPool]  getpool retcode: 0
2014-9-26 17:34:27 INFO:[dataprotect.data.GetPoolInfo]  get poolinfo cmd: /usr/odybk/vsnap/poolinfo 1
2014-9-26 17:34:28 INFO:[dataprotect.data.GetPoolInfo]  get poolinfo cmd retcode: 0
