2014-9-26 15:21:20 INFO:[dataprotect.ui.SanBootView] 二炮应急恢复系统配置管理器 6.1.0 版 buildtime:   Log Level: 1
2014-9-26 15:21:20 INFO:[dataprotect.ui.SanBootView] Restore mirror type: 2
2014-9-26 15:21:20 INFO:[dataprotect.ui.SanBootView] global high delta: 0
2014-9-26 15:21:20 INFO:[dataprotect.ui.SanBootView] global width delta: 0
2014-9-26 15:21:27 INFO:[dataprotect.data.ManageDB] begin to login server.
2014-9-26 15:21:27 INFO:[dataprotect.data.ManageDB] login server successfully.
2014-9-26 15:21:28 INFO:[dataprotect.data.GetConfigFile]  get config file cmd: cat /etc/odybk.conf
2014-9-26 15:21:29 INFO:[dataprotect.data.GetConfigFile]  get config file retcode: 0
2014-9-26 15:21:29 INFO:[dataprotect.data.GetDhcpConfig]  get dhcp config cmd: cat /usr/odybk/server/conf/dhcp.conf
2014-9-26 15:21:30 INFO:[dataprotect.data.GetDhcpConfig]  get dhcp config retcode: 0
2014-9-26 15:21:30 INFO:[dataprotect.data.GetBootHost]  get BootHost cmd: /usr/odybk/server/bin/idbmgr -clnt -prt all
2014-9-26 15:21:31 INFO:[dataprotect.data.GetBootHost]  get BootHost retcode: 0
2014-9-26 15:21:31 INFO:[dataprotect.datadup.cmd.GetBakClient]  get bak clnt cmd: /usr/odybk/server/bin/dbmgr -clnt -prt all
2014-9-26 15:21:32 INFO:[dataprotect.datadup.cmd.GetBakClient]  get bak clnt cmd retcode: 0
2014-9-26 15:21:32 INFO:[dataprotect.data.GetVolumeMap]  get volmap list cmd: /usr/odybk/server/bin/idbmgr -vol -prt all
2014-9-26 15:21:33 INFO:[dataprotect.data.GetVolumeMap]  get volmap list retcode: 0
2014-9-26 15:21:33 INFO:[dataprotect.data.GetIbootObjList]  get iboot list cmd: shell iboot list
2014-9-26 15:21:34 INFO:[dataprotect.data.GetIbootObjList]  get iboot list cmd retcode: 0
2014-9-26 15:21:34 INFO:[dataprotect.data.GetServMap]  get servicemap cmd: /usr/odybk/server/bin/idbmgr -serv -prt all
2014-9-26 15:21:35 INFO:[dataprotect.data.GetServMap]  get servicemap retcode: 0
2014-9-26 15:21:35 INFO:[dataprotect.data.GetBackupUser]  get bak user cmd: /usr/odybk/server/bin/dbmgr -acct -prt all
2014-9-26 15:21:36 INFO:[dataprotect.data.GetBackupUser]  get bak user cmd retcode: 0
2014-9-26 15:21:36 INFO:[dataprotect.data.GetPool]  getpool cmd: /usr/odybk/vsnap/vdbmgr -pool -prt all
2014-9-26 15:21:37 INFO:[dataprotect.data.GetPool]  getpool retcode: 0
2014-9-26 15:21:37 INFO:[dataprotect.data.GetMGList]  get mg cmd: /usr/odybk/vsnap/vdbmgr -mg -prt all
2014-9-26 15:21:38 INFO:[dataprotect.data.GetMGList]  get mg retcode: 0
2014-9-26 15:21:38 INFO:[dataprotect.data.GetNetBootedHost]  get netbooted-host cmd: /usr/odybk/server/bin/idbmgr -dstagnt -prt all
2014-9-26 15:21:39 INFO:[dataprotect.data.GetNetBootedHost]  get netbooted-host retcode: 0
2014-9-26 15:21:39 INFO:[dataprotect.data.GetMirrorSnapusage]  get mirror_snap_usage cmd: /usr/odybk/server/bin/idbmgr -snapusage -prt all
2014-9-26 15:21:40 INFO:[dataprotect.data.GetMirrorSnapusage]  get mirror_snap_usage retcode: 0
2014-9-26 15:21:40 INFO:[dataprotect.cmdp.service.GetDriveGroup]  get drivegroup cmd: /usr/odybk/server/bin/phydup_hash.sh uws_drivesgroup_getall
2014-9-26 15:21:42 INFO:[dataprotect.cmdp.service.GetDriveGroup]  get drivegroup retcode: 0
2014-9-26 15:21:42 INFO:[dataprotect.datadup.cmd.ListProfile]  list profile cmd: /usr/odybk/server/bin/listprofile
2014-9-26 15:21:43 INFO:[dataprotect.datadup.cmd.ListProfile]  list profile recode: 0
2014-9-26 15:21:43 INFO:[dataprotect.datadup.cmd.GetBakObjList]  list bakobj cmd: /usr/odybk/server/bin/dbmgr -bobj -prt all
2014-9-26 15:21:44 INFO:[dataprotect.datadup.cmd.GetBakObjList]  list bakobj cmd retcode: 0
2014-9-26 15:21:44 INFO:[dataprotect.datadup.cmd.GetSchList]  get sch list cmd: /usr/odybk/server/bin/dbmgr -sch -prt all
2014-9-26 15:21:45 INFO:[dataprotect.datadup.cmd.GetSchList]  get sch list cmd retcode: 0
2014-9-26 15:21:45 INFO:[dataprotect.data.GetPoolInfo]  get poolinfo cmd: /usr/odybk/vsnap/poolinfo 1
2014-9-26 15:21:46 INFO:[dataprotect.data.GetPoolInfo]  get poolinfo cmd retcode: 0
2014-9-26 15:21:46 INFO:[dataprotect.data.GetLicence]  get license cmd: /usr/odybk/server/bin/listlicence
2014-9-26 15:21:47 INFO:[dataprotect.data.GetLicence]  get license retcode: 0
2014-9-26 15:21:47 INFO:[dataprotect.ui.InitApp] mtpp point: 8
2014-9-26 15:21:47 INFO:[dataprotect.ui.InitApp] cmdp point: 8
2014-9-26 15:21:47 INFO:[dataprotect.ui.InitApp] mtpp maxsnap num: 128
2014-9-26 15:21:47 INFO:[dataprotect.ui.InitApp] cmdp maxsnap num: 128
2014-9-26 15:21:49 INFO:[dataprotect.data.ManageDB]  add audit log cmd: /usr/odybk/server/bin/idbmgr -audit -add  audit_user_id=1 audit_time=20140926152149 audit_clnt_id=0 audit_event_id=2  "audit_event_desc=Logon to system successfully."
2014-9-26 15:21:50 INFO:[dataprotect.data.ManageDB]  add audit log retcode: 0
2014-9-26 15:21:52 INFO:[dataprotect.DhcpSet] ########### Entering dhcp operation action. 
2014-9-26 15:21:57 INFO:[dataprotect.data.ViewTextFile] viewFile cmd: cat /etc/sysconfig/customdrv/dhcpenable
2014-9-26 15:21:58 INFO:[dataprotect.data.ViewTextFile] viewFile cmd retcode: 0
2014-9-26 15:21:58 INFO:[dataprotect.data.GetGlobalOptFromDHCP] getGlobalOptFromDHCP cmd: /usr/odybk/server/bin/dhcp_set.sh listglobal
2014-9-26 15:21:59 INFO:[dataprotect.data.GetGlobalOptFromDHCP] getGlobalOptFromDHCP retcode: 0
2014-9-26 15:21:59 INFO:[dataprotect.data.GetSubnetFromDHCP] getSubnet from dhcp cmd: /usr/odybk/server/bin/dhcp_set.sh getsubnetinfo
2014-9-26 15:22:00 INFO:[dataprotect.data.GetSubnetFromDHCP] getSubnet from dhcp retcode: 0
2014-9-26 15:22:00 INFO:[dataprotect.data.GetIBootSrvFromDHCP] getIBootSrvFromDHCP cmd: /usr/odybk/server/bin/dhcp_set.sh listnextserver
2014-9-26 15:22:02 INFO:[dataprotect.data.GetIBootSrvFromDHCP] getIBootSrvFromDHCP retcode: 0
2014-9-26 15:22:02 INFO:[dataprotect.data.GetClientFromDHCP]  getClntFromDhcp cmd: /usr/odybk/server/bin/dhcp_set.sh listallclients
2014-9-26 15:22:03 INFO:[dataprotect.data.GetClientFromDHCP]  getClntFromDhcp retcode: 0
2014-9-26 15:22:47 INFO:[dataprotect.DhcpSet] ########### End of dhcp operation acion. 
2014-9-26 15:40:55 INFO:[dataprotect.DhcpSet] ########### Entering dhcp operation action. 
2014-9-26 15:41:20 INFO:[dataprotect.DhcpSet] ########### End of dhcp operation acion. 
