2014-9-26 16:33:19 INFO:[dataprotect.ui.SanBootView] 二炮应急恢复系统配置管理器 6.1.0 版 buildtime:   Log Level: 1
2014-9-26 16:33:19 INFO:[dataprotect.ui.SanBootView] Restore mirror type: 2
2014-9-26 16:33:19 INFO:[dataprotect.ui.SanBootView] global high delta: 0
2014-9-26 16:33:19 INFO:[dataprotect.ui.SanBootView] global width delta: 0
2014-9-26 16:33:33 INFO:[dataprotect.data.ManageDB] begin to login server.
2014-9-26 16:33:33 INFO:[dataprotect.data.ManageDB] login server successfully.
2014-9-26 16:33:33 INFO:[dataprotect.data.GetConfigFile]  get config file cmd: cat /etc/odybk.conf
2014-9-26 16:33:35 INFO:[dataprotect.data.GetConfigFile]  get config file retcode: 0
2014-9-26 16:33:35 INFO:[dataprotect.data.GetDhcpConfig]  get dhcp config cmd: cat /usr/odybk/server/conf/dhcp.conf
2014-9-26 16:33:36 INFO:[dataprotect.data.GetDhcpConfig]  get dhcp config retcode: 0
2014-9-26 16:33:36 INFO:[dataprotect.ui.InitApp] getting dhcp info.....
2014-9-26 16:33:36 INFO:[dataprotect.data.ViewTextFile] viewFile cmd: cat /etc/sysconfig/customdrv/dhcpenable
2014-9-26 16:33:37 INFO:[dataprotect.data.ViewTextFile] viewFile cmd retcode: 0
2014-9-26 16:33:37 INFO:[dataprotect.ui.InitApp]  dhcpEnable: true
2014-9-26 16:33:37 INFO:[dataprotect.data.GetGlobalOptFromDHCP] getGlobalOptFromDHCP cmd: /usr/odybk/server/bin/dhcp_set.sh listglobal
2014-9-26 16:33:39 INFO:[dataprotect.data.GetGlobalOptFromDHCP] getGlobalOptFromDHCP retcode: 0
2014-9-26 16:33:39 INFO:[dataprotect.data.GetSubnetFromDHCP] getSubnet from dhcp cmd: /usr/odybk/server/bin/dhcp_set.sh getsubnetinfo
2014-9-26 16:33:40 INFO:[dataprotect.data.GetSubnetFromDHCP] getSubnet from dhcp retcode: 0
2014-9-26 16:33:40 INFO:[dataprotect.data.GetIBootSrvFromDHCP] getIBootSrvFromDHCP cmd: /usr/odybk/server/bin/dhcp_set.sh listnextserver
2014-9-26 16:33:41 INFO:[dataprotect.data.GetIBootSrvFromDHCP] getIBootSrvFromDHCP retcode: 0
2014-9-26 16:33:41 INFO:[dataprotect.data.GetClientFromDHCP]  getClntFromDhcp cmd: /usr/odybk/server/bin/dhcp_set.sh listallclients
2014-9-26 16:33:42 INFO:[dataprotect.data.GetClientFromDHCP]  getClntFromDhcp retcode: 0
2014-9-26 16:33:42 INFO:[dataprotect.data.GetBootHost]  get BootHost cmd: /usr/odybk/server/bin/idbmgr -clnt -prt all
2014-9-26 16:33:43 INFO:[dataprotect.data.GetBootHost]  get BootHost retcode: 0
2014-9-26 16:33:43 INFO:[dataprotect.datadup.cmd.GetBakClient]  get bak clnt cmd: /usr/odybk/server/bin/dbmgr -clnt -prt all
2014-9-26 16:33:44 INFO:[dataprotect.datadup.cmd.GetBakClient]  get bak clnt cmd retcode: 0
2014-9-26 16:33:44 INFO:[dataprotect.data.GetVolumeMap]  get volmap list cmd: /usr/odybk/server/bin/idbmgr -vol -prt all
2014-9-26 16:33:45 INFO:[dataprotect.data.GetVolumeMap]  get volmap list retcode: 0
2014-9-26 16:33:45 INFO:[dataprotect.data.GetIbootObjList]  get iboot list cmd: shell iboot list
2014-9-26 16:33:47 INFO:[dataprotect.data.GetIbootObjList]  get iboot list cmd retcode: 0
2014-9-26 16:33:47 INFO:[dataprotect.data.GetServMap]  get servicemap cmd: /usr/odybk/server/bin/idbmgr -serv -prt all
2014-9-26 16:33:48 INFO:[dataprotect.data.GetServMap]  get servicemap retcode: 0
2014-9-26 16:33:48 INFO:[dataprotect.data.GetBackupUser]  get bak user cmd: /usr/odybk/server/bin/dbmgr -acct -prt all
2014-9-26 16:33:49 INFO:[dataprotect.data.GetBackupUser]  get bak user cmd retcode: 0
2014-9-26 16:33:49 INFO:[dataprotect.data.GetPool]  getpool cmd: /usr/odybk/vsnap/vdbmgr -pool -prt all
2014-9-26 16:33:50 INFO:[dataprotect.data.GetPool]  getpool retcode: 0
2014-9-26 16:33:50 INFO:[dataprotect.data.GetMGList]  get mg cmd: /usr/odybk/vsnap/vdbmgr -mg -prt all
2014-9-26 16:33:52 INFO:[dataprotect.data.GetMGList]  get mg retcode: 0
2014-9-26 16:33:52 INFO:[dataprotect.data.GetNetBootedHost]  get netbooted-host cmd: /usr/odybk/server/bin/idbmgr -dstagnt -prt all
2014-9-26 16:33:52 INFO:[dataprotect.data.GetNetBootedHost]  get netbooted-host retcode: 0
2014-9-26 16:33:52 INFO:[dataprotect.data.GetMirrorSnapusage]  get mirror_snap_usage cmd: /usr/odybk/server/bin/idbmgr -snapusage -prt all
2014-9-26 16:33:53 INFO:[dataprotect.data.GetMirrorSnapusage]  get mirror_snap_usage retcode: 0
2014-9-26 16:33:53 INFO:[dataprotect.cmdp.service.GetDriveGroup]  get drivegroup cmd: /usr/odybk/server/bin/phydup_hash.sh uws_drivesgroup_getall
2014-9-26 16:33:57 INFO:[dataprotect.cmdp.service.GetDriveGroup]  get drivegroup retcode: 0
2014-9-26 16:33:57 INFO:[dataprotect.data.ManageDB] db type: 0 for 1_C_cmdp_BZH
2014-9-26 16:33:57 INFO:[dataprotect.datadup.cmd.ListProfile]  list profile cmd: /usr/odybk/server/bin/listprofile
2014-9-26 16:33:58 INFO:[dataprotect.datadup.cmd.ListProfile]  list profile recode: 0
2014-9-26 16:33:58 INFO:[dataprotect.datadup.cmd.GetBakObjList]  list bakobj cmd: /usr/odybk/server/bin/dbmgr -bobj -prt all
2014-9-26 16:34:01 INFO:[dataprotect.datadup.cmd.GetBakObjList]  list bakobj cmd retcode: 0
2014-9-26 16:34:01 INFO:[dataprotect.datadup.cmd.GetSchList]  get sch list cmd: /usr/odybk/server/bin/dbmgr -sch -prt all
2014-9-26 16:34:01 INFO:[dataprotect.datadup.cmd.GetSchList]  get sch list cmd retcode: 0
2014-9-26 16:34:01 INFO:[dataprotect.data.GetPoolInfo]  get poolinfo cmd: /usr/odybk/vsnap/poolinfo 1
2014-9-26 16:34:02 INFO:[dataprotect.data.GetPoolInfo]  get poolinfo cmd retcode: 0
2014-9-26 16:34:02 INFO:[dataprotect.data.GetLicence]  get license cmd: /usr/odybk/server/bin/listlicence
2014-9-26 16:34:03 INFO:[dataprotect.data.GetLicence]  get license retcode: 0
2014-9-26 16:34:03 INFO:[dataprotect.ui.InitApp] mtpp point: 8
2014-9-26 16:34:03 INFO:[dataprotect.ui.InitApp] cmdp point: 8
2014-9-26 16:34:03 INFO:[dataprotect.ui.InitApp] mtpp maxsnap num: 128
2014-9-26 16:34:03 INFO:[dataprotect.ui.InitApp] cmdp maxsnap num: 128
2014-9-26 16:34:03 INFO:[dataprotect.data.ManageDB]  add audit log cmd: /usr/odybk/server/bin/idbmgr -audit -add  audit_user_id=1 audit_time=20140926163403 audit_clnt_id=0 audit_event_id=2  "audit_event_desc=Logon to system successfully."
2014-9-26 16:34:05 INFO:[dataprotect.data.ManageDB]  add audit log retcode: 0
2014-9-26 16:34:05 INFO:[dataprotect.cmdp.action.InitHostByPhyProtectAction] ########### Entering window host's phy-init process
2014-9-26 16:34:05 INFO:[dataprotect.data.GetPool]  getpool cmd: /usr/odybk/vsnap/vdbmgr -pool -prt all
2014-9-26 16:34:07 INFO:[dataprotect.data.GetPool]  getpool retcode: 0
2014-9-26 16:34:07 INFO:[dataprotect.data.GetPoolInfo]  get poolinfo cmd: /usr/odybk/vsnap/poolinfo 1
2014-9-26 16:34:08 INFO:[dataprotect.data.GetPoolInfo]  get poolinfo cmd retcode: 0
2014-9-26 16:34:17 INFO:[dataprotect.data.GetAgentInfo]  get agt cmd: /sbin/clnt_cmd 192.168.1.28 2015 cmd -cmdtype getsysinfo 2>/dev/null
2014-9-26 16:34:20 INFO:[dataprotect.data.GetAgentInfo]  get agt cmd retcode: 0
2014-9-26 16:34:20 INFO:[dataprotect.data.GetAgentUUID]  get agt uuid cmd: /sbin/clnt_cmd 192.168.1.28 2015 cmd -cmdtype executeother -command  pc_gen_uuid.exe zxcvb12345 -get
2014-9-26 16:34:22 INFO:[dataprotect.data.GetAgentUUID]  get agt uuid cmd retcode: 0
2014-9-26 16:34:22 INFO:[dataprotect.data.GetVolumeMap]  get volmap list cmd: /usr/odybk/server/bin/idbmgr -vol -prt all
2014-9-26 16:34:23 INFO:[dataprotect.data.GetVolumeMap]  get volmap list retcode: 0
2014-9-26 16:34:23 INFO:[dataprotect.data.GetMirrorDiskInfo]  get mirror_disk_info cmd: /usr/odybk/server/bin/idbmgr -diskinfo -prt all
2014-9-26 16:34:24 INFO:[dataprotect.data.GetMirrorDiskInfo]  get mirror_disk_info retcode: 0
2014-9-26 16:34:24 INFO:[dataprotect.unlimitedIncMj.model.GetCloneDiskListCmd]  get clone disk list cmd:/usr/odybk/vsnap/idbmgr -cloneinfo -prt  all 
2014-9-26 16:34:25 INFO:[dataprotect.unlimitedIncMj.model.GetCloneDiskListCmd]  get clone disk list cmd retcode:0
2014-9-26 16:34:25 INFO:[dataprotect.cmdp.service.GetFreePhyVol1] listdisk cmd: /usr/odybk/vsnap/vdbmgr -printdb "select * from vsnap where snap_opened_type=2 or snap_opened_type=3;"
2014-9-26 16:34:28 INFO:[dataprotect.cmdp.service.GetFreePhyVol1] listdisk cmd retcode: 0
2014-9-26 16:34:28 INFO:[dataprotect.cmdp.service.GetVolInfoOnClnt]  get partition (confile) cmd: /usr/odybk/server/bin/phydup_hash.sh uws_agt_list_volume 192.168.1.28,2015
2014-9-26 16:34:32 INFO:[dataprotect.cmdp.service.GetVolInfoOnClnt]  get partition (confile) retcode: 0
2014-9-26 16:34:32 INFO:[dataprotect.data.GetServiceOnClnt]  get service (confile) cmd: /sbin/clnt_cmd 192.168.1.28 2015 cmd -cmdtype executeother -command  services_process.exe list 2>/dev/null
2014-9-26 16:34:34 INFO:[dataprotect.data.GetServiceOnClnt]  get service (confile) retcode: 0
2014-9-26 16:34:34 INFO:[dataprotect.data.GetDiskPartitionTableForWinOnClnt]  get old(new) disk partition table for win cmd: /sbin/clnt_cmd 192.168.1.28 2015 cmd -cmdtype executeother -command  ib_save_partition.exe -list_local
2014-9-26 16:34:39 INFO:[dataprotect.data.GetDiskPartitionTableForWinOnClnt]  get old(new) disk partition table for win retcode: 0
2014-9-26 16:34:39 INFO:[dataprotect.data.ManageDB] isStartupfromSAN cmd: /sbin/clnt_cmd 192.168.1.28 2015 cmd -cmdtype executeother -command  ib_get_disk_type.exe C
2014-9-26 16:34:40 INFO:[dataprotect.data.ManageDB] isStartupFromSAN cmd retcode: 0
2014-9-26 16:34:46 INFO:[dataprotect.data.GetIpInfoOnClnt]  get IP info of client cmd: /sbin/clnt_cmd 192.168.1.28 2015 cmd -cmdtype executeother -command  ib_get_net_info.exe -a 00-00-00-00-00-00
2014-9-26 16:34:49 INFO:[dataprotect.data.GetIpInfoOnClnt]  get IP info of client retcode: 0
2014-9-26 16:34:49 INFO:[dataprotect.data.GetNetInfoFromMDB]  get netinfo confile cmd: cat /usr/odybk/server/conf//1.conf
2014-9-26 16:34:50 INFO:[dataprotect.data.GetNetInfoFromMDB]  get netinfo confile retcode: 0
2014-9-26 16:34:50 INFO:[dataprotect.data.Get3rdDhcpInfo]  get the 3rd dhcp info cmd: cat /usr/odybk/server/conf//1-3rdDhcp.conf
2014-9-26 16:34:51 INFO:[dataprotect.data.Get3rdDhcpInfo]  get the 3rd dhcp info retcode: 1
2014-9-26 16:34:51 ERROR:[dataprotect.data.Get3rdDhcpInfo]  get the 3rd dhcp info errmsg: cat: can't open '/usr/odybk/server/conf//1-3rdDhcp.conf': No such file or directory

2014-9-26 16:34:51 INFO:[dataprotect.data.GetNetInfoFromMDB]  get netinfo confile cmd: cat /usr/odybk/server/conf//1.conf
2014-9-26 16:34:52 INFO:[dataprotect.data.GetNetInfoFromMDB]  get netinfo confile retcode: 0
2014-9-26 16:34:56 INFO:[dataprotect.cmdp.ui.PhyInitBootHostWizardDialog]  @@#################  Init Windows Host By physical mode Begin ###################@@ 
2014-9-26 16:34:56 INFO:[dataprotect.cmdp.ui.PhyInitBootHostWizardDialog]  @@#################  Build Mirror Begin ###################@@ 
2014-9-26 16:34:56 INFO:[dataprotect.cmdp.service.CommonCMDPCommand] set init type cmd: /usr/odybk/server/bin/phydup_fun.sh mirror_agent_set_init_type 192.168.1.28,2015,pause,1
2014-9-26 16:35:02 INFO:[dataprotect.data.ManageDB] set init type cmd retcode: 0
2014-9-26 16:35:02 INFO:[dataprotect.cmdp.service.CommonCMDPCommand] set init type cmd: /usr/odybk/server/bin/phydup_fun.sh mirror_agent_set_init_type 192.168.1.28,2015,resume,0
2014-9-26 16:35:05 INFO:[dataprotect.data.ManageDB] set init type cmd retcode: 0
2014-9-26 16:35:05 INFO:[dataprotect.cmdp.ui.PhyInitBootHostWizardDialog] seled vol num: 1
2014-9-26 16:35:05 INFO:[dataprotect.cmdp.ui.PhyInitBootHostWizardDialog] seled vol tid: 32768
2014-9-26 16:35:05 INFO:[dataprotect.data.GetLunMap1] get lunmap cmd: /usr/odybk/server/bin/iscsi_boot_web.sh lslunmap 32768
2014-9-26 16:35:07 INFO:[dataprotect.data.GetLunMap1] get lunmap retcode: 0
2014-9-26 16:35:07 INFO:[dataprotect.cmdp.ui.PhyInitBootHostWizardDialog]  @@#################  Format Volume Begin ###################@@ 
2014-9-26 16:35:07 INFO:[dataprotect.cmdp.ui.PhyInitBootHostWizardDialog]  @@#################  Format Volume End ###################@@ 
2014-9-26 16:35:07 INFO:[dataprotect.cmdp.ui.PhyInitBootHostWizardDialog]  @@#################  build mirror and lp End ###################@@ 
2014-9-26 16:35:07 INFO:[dataprotect.cmdp.ui.PhyInitBootHostWizardDialog]  @@#################  Get other info Begin ###################@@ 
2014-9-26 16:35:07 INFO:[dataprotect.data.GetIpInfoOnClnt]  get IP info of client cmd: /sbin/clnt_cmd 192.168.1.28 2015 cmd -cmdtype executeother -command  ib_get_net_info.exe -a 00-0C-29-41-7F-B7
2014-9-26 16:35:09 INFO:[dataprotect.data.GetIpInfoOnClnt]  get IP info of client retcode: 0
2014-9-26 16:35:09 INFO:[dataprotect.cmdp.ui.PhyInitBootHostWizardDialog]  @@#################  Get other info END ###################@@ 
2014-9-26 16:35:09 INFO:[dataprotect.cmdp.ui.PhyInitBootHostWizardDialog]  @@#################  Save info Begin ###################@@ 
2014-9-26 16:35:09 INFO:[dataprotect.cmdp.ui.ReCrtPPProfileWhenInit] find volumes to delete, num# of del-vol is: 0
2014-9-26 16:35:09 INFO:[dataprotect.cmdp.ui.ReCrtPPProfileWhenInit] find old profiles to delete, num of del-profile is: 0
2014-9-26 16:35:09 INFO:[dataprotect.cmdp.ui.ReCrtPPProfileWhenInit] find new profiles to create, size of crt-profile is: 0
2014-9-26 16:35:09 INFO:[dataprotect.data.GetVolumeMap]  get volmap list cmd: /usr/odybk/server/bin/idbmgr -vol -prt all
2014-9-26 16:35:10 INFO:[dataprotect.data.GetVolumeMap]  get volmap list retcode: 0
2014-9-26 16:35:10 INFO:[dataprotect.data.GetMGList]  get mg cmd: /usr/odybk/vsnap/vdbmgr -mg -prt all
2014-9-26 16:35:11 INFO:[dataprotect.data.GetMGList]  get mg retcode: 0
2014-9-26 16:35:11 INFO:[dataprotect.cmdp.service.GetDriveGroup]  get drivegroup cmd: /usr/odybk/server/bin/phydup_hash.sh uws_drivesgroup_getall
2014-9-26 16:35:13 INFO:[dataprotect.cmdp.service.GetDriveGroup]  get drivegroup retcode: 0
2014-9-26 16:35:13 INFO:[dataprotect.data.ManageDB] db type: 0 for 1_C_cmdp_BZH
2014-9-26 16:35:13 INFO:[dataprotect.data.ManageDB] send singal to mg cmd: /usr/odybk/vsnap/killmg 1 1
2014-9-26 16:35:14 INFO:[dataprotect.data.ManageDB] send signal to mg retcode: 0
2014-9-26 16:35:14 INFO:[dataprotect.data.ManageDB]  add volmap cmd: /usr/odybk/server/bin/idbmgr -vol -add  vol_name=1_C_cmdp_BZH vol_clntid=1 vol_disklabel=C:\ vol_target_id=32768 vol_max_snap=128 "vol_desc=mg-C" vol_rootid=1 "rollback_orgi_volname=" "rollback_orgi_uws=" vol_protect_type=1
2014-9-26 16:35:15 INFO:[dataprotect.data.ManageDB]  add volmap cmd retcode: 255
2014-9-26 16:35:15 ERROR:[dataprotect.data.ManageDB]  add volmap cmd errmsg: column vol_name is not unique
error occured insert into volume values('1_C_cmdp_BZH','1','C:\','32768','128','mg-C','','1','','','','','','','','','','','','','','','','','','','','','','','','','','','','','1','','');

2014-9-26 16:35:15 INFO:[dataprotect.data.ManageDB]  send this file to server: tmp8191914302759271067ipInfo
2014-9-26 16:35:15 INFO:[dataprotect.data.ManageDB]  send file to server retcode: 0
2014-9-26 16:35:15 INFO:[dataprotect.data.ManageDB]  mv cmd: mv /usr/odybk/server/tmp/tmp8191914302759271067ipInfo /usr/odybk/server/conf//1-3rdDhcp.conf
2014-9-26 16:35:16 INFO:[dataprotect.data.ManageDB]  mv cmd retcode: 0
2014-9-26 16:35:16 INFO:[dataprotect.data.ManageDB]  send this file to server: tmp6140455930093039204ipInfo
2014-9-26 16:35:16 INFO:[dataprotect.data.ManageDB]  send file to server retcode: 0
2014-9-26 16:35:16 INFO:[dataprotect.data.ManageDB]  mv cmd: mv /usr/odybk/server/tmp/tmp6140455930093039204ipInfo /usr/odybk/server/conf//1.conf
2014-9-26 16:35:17 INFO:[dataprotect.data.ManageDB]  mv cmd retcode: 0
2014-9-26 16:35:17 INFO:[dataprotect.data.ManageDB]  send this file to server: tmp5880396135242501497ipInfo
2014-9-26 16:35:17 INFO:[dataprotect.data.ManageDB]  send file to server retcode: 0
2014-9-26 16:35:17 INFO:[dataprotect.data.ManageDB]  mv cmd: mv /usr/odybk/server/tmp/tmp5880396135242501497ipInfo /usr/odybk/server/conf//1-disk.conf
2014-9-26 16:35:18 INFO:[dataprotect.data.ManageDB]  mv cmd retcode: 0
2014-9-26 16:35:18 INFO:[dataprotect.data.ManageDB]  send this file to server: tmp5159059766063528545ipInfo
2014-9-26 16:35:18 INFO:[dataprotect.data.ManageDB]  send file to server retcode: 0
2014-9-26 16:35:18 INFO:[dataprotect.data.ManageDB]  mv cmd: mv /usr/odybk/server/tmp/tmp5159059766063528545ipInfo /usr/odybk/server/conf//1-part.conf
2014-9-26 16:35:19 INFO:[dataprotect.data.ManageDB]  mv cmd retcode: 0
2014-9-26 16:35:19 INFO:[dataprotect.data.ManageDB]  send this file to server: tmp6502350217850953525ipInfo
2014-9-26 16:35:19 INFO:[dataprotect.data.ManageDB]  send file to server retcode: 0
2014-9-26 16:35:19 INFO:[dataprotect.data.ManageDB]  mv cmd: mv /usr/odybk/server/tmp/tmp6502350217850953525ipInfo /usr/odybk/server/conf//1-service.conf
2014-9-26 16:35:20 INFO:[dataprotect.data.ManageDB]  mv cmd retcode: 0
2014-9-26 16:35:20 INFO:[dataprotect.data.ManageDB] stop_allserv: 0
2014-9-26 16:35:20 INFO:[dataprotect.data.ManageDB] mod boot host: /usr/odybk/server/bin/idbmgr -clnt -mod  clnt_id=1 clnt_inited_flag=1 clnt_auto_dr_flag=0 clnt_auto_reboot_flag=0 clnt_stop_base_service=0 clnt_mac_address=00-0C-29-41-7F-B7 clnt_boot_mode=1
2014-9-26 16:35:21 INFO:[dataprotect.data.ManageDB] mod boot host retcode: 0
2014-9-26 16:35:21 INFO:[dataprotect.data.ManageDB]  add audit log cmd: /usr/odybk/server/bin/idbmgr -audit -add  audit_user_id=1 audit_time=20140926163521 audit_clnt_id=1 audit_event_id=135  "audit_event_desc=Initialize host: BZH-ED9C7A86A88 successfully."
2014-9-26 16:35:22 INFO:[dataprotect.data.ManageDB]  add audit log retcode: 0
2014-9-26 16:35:22 INFO:[dataprotect.data.ManageDB]  send this file to server: tmp4027719660519359096uwstmpfile
2014-9-26 16:35:22 INFO:[dataprotect.data.ManageDB]  send file to server retcode: 0
2014-9-26 16:35:22 INFO:[dataprotect.data.ManageDB]  add swu report: /usr/odybk/server/bin/idbmgr -report -add filename=/usr/odybk/server/tmp/tmp4027719660519359096uwstmpfile
2014-9-26 16:35:23 INFO:[dataprotect.data.ManageDB]  add swu report retcode: 0
2014-9-26 16:35:23 INFO:[dataprotect.cmdp.ui.PhyInitBootHostWizardDialog]  @@#################  Save info End ###################@@ 
2014-9-26 16:35:23 INFO:[dataprotect.cmdp.ui.PhyInitBootHostWizardDialog]  @@#################  Init Windows host End ###################@@ 
2014-9-26 16:35:51 INFO:[dataprotect.cmdp.action.InitHostByPhyProtectAction] ########### End of window host's phy-init process action. 
2014-9-26 16:36:04 INFO:[dataprotect.data.GetOrphanVol] listdisk cmd: /usr/odybk/vsnap/vdbmgr -printdb "select * from vsnap where snap_opened_type=2 or snap_opened_type=3;"
2014-9-26 16:36:05 INFO:[dataprotect.data.GetOrphanVol] listdisk cmd retcode: 0
2014-9-26 16:36:05 INFO:[dataprotect.cmdp.service.GetInitProgress]  get init-progress cmd: /usr/odybk/server/bin/phydup_hash.sh zulu_cmdp_query_initstat 192.168.1.28,2015,1_C_cmdp_BZH
2014-9-26 16:36:08 INFO:[dataprotect.cmdp.service.GetInitProgress]  get init-progress retcode: 0
2014-9-26 16:36:08 INFO:[dataprotect.data.ManageDB] check mg status cmd: /usr/odybk/vsnap/checkmg 1
2014-9-26 16:36:09 INFO:[dataprotect.data.ManageDB] check mg status cmd retcode: 255
2014-9-26 16:36:14 INFO:[dataprotect.data.GetLunMap] get lunmap cmd: /usr/odybk/server/bin/iscsi_boot_web.sh lslunmap 32768
2014-9-26 16:36:16 INFO:[dataprotect.data.GetLunMap] get lunmap retcode: 0
2014-9-26 16:36:17 INFO:[dataprotect.data.GetBriefVDisk]  get brief disk cmd: /usr/odybk/vsnap/listsnap -m 1
2014-9-26 16:36:18 INFO:[dataprotect.data.GetBriefVDisk]  get brief disk cmd retcode: 0
2014-9-26 16:36:18 INFO:[dataprotect.data.QueryVSnapDB]  query vsnap db cmd: /usr/odybk/vsnap/vdbmgr -printdb "select * from vsnap where snap_opened_type=0 and snap_root_id=1;"
2014-9-26 16:36:19 INFO:[dataprotect.data.QueryVSnapDB]  query vsnap cmd retcode: 0
2014-9-26 16:36:19 INFO:[dataprotect.data.QueryVSnapDB]  query vsnap db cmd: /usr/odybk/vsnap/vdbmgr -printdb "select * from vsnap where snap_opened_type=-1 and snap_root_id=1;"
2014-9-26 16:36:20 INFO:[dataprotect.data.QueryVSnapDB]  query vsnap cmd retcode: 0
2014-9-26 16:36:20 INFO:[dataprotect.data.QueryVSnapDB]  query vsnap db cmd: /usr/odybk/vsnap/vdbmgr -printdb "select * from vsnap where snap_opened_type=-2 and snap_root_id=1;"
2014-9-26 16:36:21 INFO:[dataprotect.data.QueryVSnapDB]  query vsnap cmd retcode: 0
2014-9-26 16:36:22 INFO:[dataprotect.data.GetBriefVDisk]  get brief disk cmd: /usr/odybk/vsnap/listsnap -m 1
2014-9-26 16:36:23 INFO:[dataprotect.data.GetBriefVDisk]  get brief disk cmd retcode: 0
2014-9-26 16:36:23 INFO:[dataprotect.data.QueryVSnapDB]  query vsnap db cmd: /usr/odybk/vsnap/vdbmgr -printdb "select * from vsnap where snap_opened_type=0 and snap_root_id=1;"
2014-9-26 16:36:24 INFO:[dataprotect.data.QueryVSnapDB]  query vsnap cmd retcode: 0
2014-9-26 16:36:24 INFO:[dataprotect.data.QueryVSnapDB]  query vsnap db cmd: /usr/odybk/vsnap/vdbmgr -printdb "select * from vsnap where snap_opened_type=-1 and snap_root_id=1;"
2014-9-26 16:36:25 INFO:[dataprotect.data.QueryVSnapDB]  query vsnap cmd retcode: 0
2014-9-26 16:36:25 INFO:[dataprotect.data.QueryVSnapDB]  query vsnap db cmd: /usr/odybk/vsnap/vdbmgr -printdb "select * from vsnap where snap_opened_type=-2 and snap_root_id=1;"
2014-9-26 16:36:26 INFO:[dataprotect.data.QueryVSnapDB]  query vsnap cmd retcode: 0
2014-9-26 16:36:27 INFO:[dataprotect.CrtSnapAction] ########### Entering create snap action. 
2014-9-26 16:36:27 INFO:[dataprotect.CrtSnapAction]  (CrtSnapAction)crt snap for volmap
2014-9-26 16:36:27 INFO:[dataprotect.data.GetOrphanVol] listdisk cmd: /usr/odybk/vsnap/vdbmgr -printdb "select * from vsnap where snap_opened_type=2 or snap_opened_type=3;"
2014-9-26 16:36:28 INFO:[dataprotect.data.GetOrphanVol] listdisk cmd retcode: 0
2014-9-26 16:36:28 INFO:[dataprotect.data.GetPoolInfo]  get poolinfo cmd: /usr/odybk/vsnap/poolinfo 1
2014-9-26 16:36:30 INFO:[dataprotect.data.GetPoolInfo]  get poolinfo cmd retcode: 0
2014-9-26 16:36:30 INFO:[dataprotect.cmdp.service.GetInitProgress]  get init-progress cmd: /usr/odybk/server/bin/phydup_hash.sh zulu_cmdp_query_initstat 192.168.1.28,2015,1_C_cmdp_BZH
2014-9-26 16:36:32 INFO:[dataprotect.cmdp.service.GetInitProgress]  get init-progress retcode: 0
2014-9-26 16:36:46 INFO:[dataprotect.data.GetSnapshot]  getsnapshot cmd: /usr/odybk/vsnap/vdbmgr -vsnap -prt snap_root_id=1
2014-9-26 16:36:47 INFO:[dataprotect.data.GetSnapshot]  getsnapshot cmd retcode: 0
2014-9-26 16:36:47 INFO:[dataprotect.CrtSnapAction$CrtSnapshot]  Snap num on disk: 0
2014-9-26 16:36:47 INFO:[dataprotect.cmdp.service.CreateVersion]  create phy-version cmd: /usr/odybk/server/bin/phydup_hash.sh  zulu_cmdp_create_version 192.168.1.28,2015,1_C_cmdp_BZH,testsnap:test,0,1
2014-9-26 16:38:15 INFO:[dataprotect.cmdp.service.CreateVersion]  create phy-version cmd retcode: 0
2014-9-26 16:38:15 INFO:[dataprotect.data.ManageDB] send singal to mg cmd: /usr/odybk/vsnap/killmg 1 12
2014-9-26 16:38:17 INFO:[dataprotect.data.ManageDB] send signal to mg retcode: 0
2014-9-26 16:38:17 INFO:[dataprotect.data.ManageDB]  add audit log cmd: /usr/odybk/server/bin/idbmgr -audit -add  audit_user_id=1 audit_time=20140926163817 audit_clnt_id=0 audit_event_id=30  "audit_event_desc=Create snapshot: testsnap successfully."
2014-9-26 16:38:18 INFO:[dataprotect.data.ManageDB]  add audit log retcode: 0
2014-9-26 16:38:18 INFO:[dataprotect.data.GetBriefVDisk]  get brief disk cmd: /usr/odybk/vsnap/listsnap -m 1
2014-9-26 16:38:19 INFO:[dataprotect.data.GetBriefVDisk]  get brief disk cmd retcode: 0
2014-9-26 16:38:19 INFO:[dataprotect.data.QueryVSnapDB]  query vsnap db cmd: /usr/odybk/vsnap/vdbmgr -printdb "select * from vsnap where snap_opened_type=0 and snap_root_id=1;"
2014-9-26 16:38:20 INFO:[dataprotect.data.QueryVSnapDB]  query vsnap cmd retcode: 0
2014-9-26 16:38:20 INFO:[dataprotect.data.QueryVSnapDB]  query vsnap db cmd: /usr/odybk/vsnap/vdbmgr -printdb "select * from vsnap where snap_opened_type=-1 and snap_root_id=1;"
2014-9-26 16:38:21 INFO:[dataprotect.data.QueryVSnapDB]  query vsnap cmd retcode: 0
2014-9-26 16:38:21 INFO:[dataprotect.data.QueryVSnapDB]  query vsnap db cmd: /usr/odybk/vsnap/vdbmgr -printdb "select * from vsnap where snap_opened_type=-2 and snap_root_id=1;"
2014-9-26 16:38:22 INFO:[dataprotect.data.QueryVSnapDB]  query vsnap cmd retcode: 0
2014-9-26 16:38:22 INFO:[dataprotect.CrtSnapAction] ########### End of create snap action. 
2014-9-26 16:38:34 INFO:[dataprotect.data.QueryVSnapDB]  query vsnap db cmd: /usr/odybk/vsnap/vdbmgr -printdb "select * from vsnap where snap_root_id=1;"
2014-9-26 16:38:35 INFO:[dataprotect.data.QueryVSnapDB]  query vsnap cmd retcode: 0
2014-9-26 16:38:37 INFO:[dataprotect.data.GetLunMap] get lunmap cmd: /usr/odybk/server/bin/iscsi_boot_web.sh lslunmap 32768
2014-9-26 16:38:38 INFO:[dataprotect.data.GetLunMap] get lunmap retcode: 0
2014-9-26 16:38:41 INFO:[dataprotect.data.GetOrphanVol] listdisk cmd: /usr/odybk/vsnap/vdbmgr -printdb "select * from vsnap where snap_opened_type=2 or snap_opened_type=3;"
2014-9-26 16:38:42 INFO:[dataprotect.data.GetOrphanVol] listdisk cmd retcode: 0
2014-9-26 16:38:42 INFO:[dataprotect.cmdp.service.GetInitProgress]  get init-progress cmd: /usr/odybk/server/bin/phydup_hash.sh zulu_cmdp_query_initstat 192.168.1.28,2015,1_C_cmdp_BZH
2014-9-26 16:38:45 INFO:[dataprotect.cmdp.service.GetInitProgress]  get init-progress retcode: 0
2014-9-26 16:38:45 INFO:[dataprotect.data.ManageDB] check mg status cmd: /usr/odybk/vsnap/checkmg 1
2014-9-26 16:38:46 INFO:[dataprotect.data.ManageDB] check mg status cmd retcode: 255
2014-9-26 16:39:42 INFO:[dataprotect.data.GetBriefVDisk]  get brief disk cmd: /usr/odybk/vsnap/listsnap -m 1
2014-9-26 16:39:44 INFO:[dataprotect.data.GetBriefVDisk]  get brief disk cmd retcode: 0
2014-9-26 16:39:44 INFO:[dataprotect.data.QueryVSnapDB]  query vsnap db cmd: /usr/odybk/vsnap/vdbmgr -printdb "select * from vsnap where snap_opened_type=0 and snap_root_id=1;"
2014-9-26 16:39:45 INFO:[dataprotect.data.QueryVSnapDB]  query vsnap cmd retcode: 0
2014-9-26 16:39:45 INFO:[dataprotect.data.QueryVSnapDB]  query vsnap db cmd: /usr/odybk/vsnap/vdbmgr -printdb "select * from vsnap where snap_opened_type=-1 and snap_root_id=1;"
2014-9-26 16:39:46 INFO:[dataprotect.data.QueryVSnapDB]  query vsnap cmd retcode: 0
2014-9-26 16:39:46 INFO:[dataprotect.data.QueryVSnapDB]  query vsnap db cmd: /usr/odybk/vsnap/vdbmgr -printdb "select * from vsnap where snap_opened_type=-2 and snap_root_id=1;"
2014-9-26 16:39:47 INFO:[dataprotect.data.QueryVSnapDB]  query vsnap cmd retcode: 0
2014-9-26 16:40:19 INFO:[dataprotect.cmdp.action.QuerySyncStateAction] ########### Entering query sync state action. 
2014-9-26 16:40:19 INFO:[dataprotect.data.GetVolumeMap]  get one volmap list cmd: /usr/odybk/server/bin/idbmgr -vol -prt vol_name=1_C_cmdp_BZH
2014-9-26 16:40:20 INFO:[dataprotect.data.GetVolumeMap]  get one volmap list retcode: 0
2014-9-26 16:40:20 INFO:[dataprotect.cmdp.service.GetInitProgress]  get init-progress cmd: /usr/odybk/server/bin/phydup_hash.sh zulu_cmdp_query_initstat 192.168.1.28,2015,1_C_cmdp_BZH
2014-9-26 16:40:23 INFO:[dataprotect.cmdp.service.GetInitProgress]  get init-progress retcode: 0
2014-9-26 16:40:23 INFO:[dataprotect.cmdp.service.CommonCMDPCommand] get workstate of sync cmd: /usr/odybk/server/bin/phydup_fun.sh uws_db_volinfo_is_workasync 1
2014-9-26 16:40:25 INFO:[dataprotect.data.ManageDB] get workstate of sync cmd retcode: 0
2014-9-26 16:40:28 INFO:[dataprotect.data.GetVolumeMap]  get one volmap list cmd: /usr/odybk/server/bin/idbmgr -vol -prt vol_name=1_C_cmdp_BZH
2014-9-26 16:40:29 INFO:[dataprotect.data.GetVolumeMap]  get one volmap list retcode: 0
2014-9-26 16:40:29 INFO:[dataprotect.cmdp.action.QuerySyncStateAction] ########### End of query sync state action. 
2014-9-26 16:40:30 INFO:[dataprotect.data.GetBriefVDisk]  get brief disk cmd: /usr/odybk/vsnap/listsnap -m 1
2014-9-26 16:40:31 INFO:[dataprotect.data.GetBriefVDisk]  get brief disk cmd retcode: 0
2014-9-26 16:40:31 INFO:[dataprotect.data.QueryVSnapDB]  query vsnap db cmd: /usr/odybk/vsnap/vdbmgr -printdb "select * from vsnap where snap_opened_type=0 and snap_root_id=1;"
2014-9-26 16:40:32 INFO:[dataprotect.data.QueryVSnapDB]  query vsnap cmd retcode: 0
2014-9-26 16:40:32 INFO:[dataprotect.data.QueryVSnapDB]  query vsnap db cmd: /usr/odybk/vsnap/vdbmgr -printdb "select * from vsnap where snap_opened_type=-1 and snap_root_id=1;"
2014-9-26 16:40:33 INFO:[dataprotect.data.QueryVSnapDB]  query vsnap cmd retcode: 0
2014-9-26 16:40:33 INFO:[dataprotect.data.QueryVSnapDB]  query vsnap db cmd: /usr/odybk/vsnap/vdbmgr -printdb "select * from vsnap where snap_opened_type=-2 and snap_root_id=1;"
2014-9-26 16:40:34 INFO:[dataprotect.data.QueryVSnapDB]  query vsnap cmd retcode: 0
2014-9-26 16:40:36 INFO:[dataprotect.cmdp.action.StartAutoCrtSnapshotAction] ########### Entering start auto-crt-snap action.
2014-9-26 16:40:37 INFO:[dataprotect.data.GetVolumeMap]  get one volmap list cmd: /usr/odybk/server/bin/idbmgr -vol -prt vol_name=1_C_cmdp_BZH
2014-9-26 16:40:38 INFO:[dataprotect.data.GetVolumeMap]  get one volmap list retcode: 0
2014-9-26 16:40:38 INFO:[dataprotect.data.ManageDB] check mg status cmd: /usr/odybk/vsnap/checkmg 1
2014-9-26 16:40:39 INFO:[dataprotect.data.ManageDB] check mg status cmd retcode: 255
2014-9-26 16:40:39 INFO:[dataprotect.cmdp.action.StartAutoCrtSnapshotAction] ########### End of start auto-crt-snap action.
2014-9-26 16:40:53 INFO:[dataprotect.data.GetLunMap] get lunmap cmd: /usr/odybk/server/bin/iscsi_boot_web.sh lslunmap 32768
2014-9-26 16:40:55 INFO:[dataprotect.data.GetLunMap] get lunmap retcode: 0
2014-9-26 16:40:56 INFO:[dataprotect.data.GetActiveLink] get Active link cmd: /usr/odybk/server/bin/iscsi_boot_web.sh lsacn 32768
2014-9-26 16:40:58 INFO:[dataprotect.data.GetActiveLink] get Active link retcode: 0
2014-9-26 16:40:58 INFO:[dataprotect.data.GetOrphanVol] listdisk cmd: /usr/odybk/vsnap/vdbmgr -printdb "select * from vsnap where snap_opened_type=2 or snap_opened_type=3;"
2014-9-26 16:40:59 INFO:[dataprotect.data.GetOrphanVol] listdisk cmd retcode: 0
2014-9-26 16:40:59 INFO:[dataprotect.cmdp.service.GetInitProgress]  get init-progress cmd: /usr/odybk/server/bin/phydup_hash.sh zulu_cmdp_query_initstat 192.168.1.28,2015,1_C_cmdp_BZH
2014-9-26 16:41:02 INFO:[dataprotect.cmdp.service.GetInitProgress]  get init-progress retcode: 0
2014-9-26 16:41:02 INFO:[dataprotect.data.ManageDB] check mg status cmd: /usr/odybk/vsnap/checkmg 1
2014-9-26 16:41:03 INFO:[dataprotect.data.ManageDB] check mg status cmd retcode: 255
2014-9-26 16:41:06 INFO:[dataprotect.data.GetActiveLink] get Active link cmd: /usr/odybk/server/bin/iscsi_boot_web.sh lsacn 32768
2014-9-26 16:41:08 INFO:[dataprotect.data.GetActiveLink] get Active link retcode: 0
2014-9-26 16:41:15 INFO:[dataprotect.cmdp.action.QuerySyncStateAction] ########### Entering query sync state action. 
2014-9-26 16:41:15 INFO:[dataprotect.data.GetVolumeMap]  get one volmap list cmd: /usr/odybk/server/bin/idbmgr -vol -prt vol_name=1_C_cmdp_BZH
2014-9-26 16:41:16 INFO:[dataprotect.data.GetVolumeMap]  get one volmap list retcode: 0
2014-9-26 16:41:16 INFO:[dataprotect.cmdp.service.GetInitProgress]  get init-progress cmd: /usr/odybk/server/bin/phydup_hash.sh zulu_cmdp_query_initstat 192.168.1.28,2015,1_C_cmdp_BZH
2014-9-26 16:41:18 INFO:[dataprotect.cmdp.service.GetInitProgress]  get init-progress retcode: 0
2014-9-26 16:41:18 INFO:[dataprotect.cmdp.service.CommonCMDPCommand] get workstate of sync cmd: /usr/odybk/server/bin/phydup_fun.sh uws_db_volinfo_is_workasync 1
2014-9-26 16:41:20 INFO:[dataprotect.data.ManageDB] get workstate of sync cmd retcode: 0
2014-9-26 16:41:30 INFO:[dataprotect.data.GetVolumeMap]  get one volmap list cmd: /usr/odybk/server/bin/idbmgr -vol -prt vol_name=1_C_cmdp_BZH
2014-9-26 16:41:31 INFO:[dataprotect.data.GetVolumeMap]  get one volmap list retcode: 0
2014-9-26 16:41:31 INFO:[dataprotect.cmdp.action.QuerySyncStateAction] ########### End of query sync state action. 
2014-9-26 16:41:39 INFO:[dataprotect.data.GetBriefVDisk]  get brief disk cmd: /usr/odybk/vsnap/listsnap -m 1
2014-9-26 16:41:40 INFO:[dataprotect.data.GetBriefVDisk]  get brief disk cmd retcode: 0
2014-9-26 16:41:40 INFO:[dataprotect.data.QueryVSnapDB]  query vsnap db cmd: /usr/odybk/vsnap/vdbmgr -printdb "select * from vsnap where snap_opened_type=0 and snap_root_id=1;"
2014-9-26 16:41:41 INFO:[dataprotect.data.QueryVSnapDB]  query vsnap cmd retcode: 0
2014-9-26 16:41:41 INFO:[dataprotect.data.QueryVSnapDB]  query vsnap db cmd: /usr/odybk/vsnap/vdbmgr -printdb "select * from vsnap where snap_opened_type=-1 and snap_root_id=1;"
2014-9-26 16:41:42 INFO:[dataprotect.data.QueryVSnapDB]  query vsnap cmd retcode: 0
2014-9-26 16:41:42 INFO:[dataprotect.data.QueryVSnapDB]  query vsnap db cmd: /usr/odybk/vsnap/vdbmgr -printdb "select * from vsnap where snap_opened_type=-2 and snap_root_id=1;"
2014-9-26 16:41:43 INFO:[dataprotect.data.QueryVSnapDB]  query vsnap cmd retcode: 0
2014-9-26 16:41:56 INFO:[dataprotect.cmdp.action.QueryInitProgressAction] ########### Entering query init progress action. 
2014-9-26 16:41:56 INFO:[dataprotect.cmdp.service.GetInitProgress]  get init-progress cmd: /usr/odybk/server/bin/phydup_hash.sh zulu_cmdp_query_initstat 192.168.1.28,2015,1_C_cmdp_BZH
2014-9-26 16:41:59 INFO:[dataprotect.cmdp.service.GetInitProgress]  get init-progress retcode: 0
2014-9-26 16:42:03 INFO:[dataprotect.cmdp.action.QueryInitProgressAction] ########### End of query init progress action. 
2014-9-26 16:42:03 INFO:[dataprotect.cmdp.service.GetInitProgress]  get init-progress cmd: /usr/odybk/server/bin/phydup_hash.sh zulu_cmdp_query_initstat 192.168.1.28,2015,1_C_cmdp_BZH
2014-9-26 16:42:06 INFO:[dataprotect.cmdp.service.GetInitProgress]  get init-progress retcode: 0
2014-9-26 16:42:08 INFO:[dataprotect.AuditAction] ########### Entering audit action. 
2014-9-26 16:42:09 INFO:[dataprotect.audit.cmd.GetAuditLog]  get audit log cmd: /usr/odybk/server/bin/idbmgr -audit -prt all 1 50
2014-9-26 16:42:10 INFO:[dataprotect.audit.cmd.GetAuditLog]  get audit log cmd retcode: 0
2014-9-26 16:42:16 INFO:[dataprotect.AuditAction] ########### End of audit action. 
2014-9-26 16:43:09 INFO:[dataprotect.data.GetOrphanVol] listdisk cmd: /usr/odybk/vsnap/vdbmgr -printdb "select * from vsnap where snap_opened_type=2 or snap_opened_type=3;"
2014-9-26 16:43:10 INFO:[dataprotect.data.GetOrphanVol] listdisk cmd retcode: 0
2014-9-26 16:43:10 INFO:[dataprotect.cmdp.service.GetInitProgress]  get init-progress cmd: /usr/odybk/server/bin/phydup_hash.sh zulu_cmdp_query_initstat 192.168.1.28,2015,1_C_cmdp_BZH
2014-9-26 16:43:12 INFO:[dataprotect.cmdp.service.GetInitProgress]  get init-progress retcode: 0
2014-9-26 16:43:12 INFO:[dataprotect.data.ManageDB] check mg status cmd: /usr/odybk/vsnap/checkmg 1
2014-9-26 16:43:14 INFO:[dataprotect.data.ManageDB] check mg status cmd retcode: 255
2014-9-26 16:45:13 INFO:[dataprotect.data.GetLunMap] get lunmap cmd: /usr/odybk/server/bin/iscsi_boot_web.sh lslunmap 32768
2014-9-26 16:45:15 INFO:[dataprotect.data.GetLunMap] get lunmap retcode: 0
2014-9-26 16:45:16 INFO:[dataprotect.data.GetBriefVDisk]  get brief disk cmd: /usr/odybk/vsnap/listsnap -m 1
2014-9-26 16:45:17 INFO:[dataprotect.data.GetBriefVDisk]  get brief disk cmd retcode: 0
2014-9-26 16:45:17 INFO:[dataprotect.data.QueryVSnapDB]  query vsnap db cmd: /usr/odybk/vsnap/vdbmgr -printdb "select * from vsnap where snap_opened_type=0 and snap_root_id=1;"
2014-9-26 16:45:18 INFO:[dataprotect.data.QueryVSnapDB]  query vsnap cmd retcode: 0
2014-9-26 16:45:18 INFO:[dataprotect.data.QueryVSnapDB]  query vsnap db cmd: /usr/odybk/vsnap/vdbmgr -printdb "select * from vsnap where snap_opened_type=-1 and snap_root_id=1;"
2014-9-26 16:45:19 INFO:[dataprotect.data.QueryVSnapDB]  query vsnap cmd retcode: 0
2014-9-26 16:45:19 INFO:[dataprotect.data.QueryVSnapDB]  query vsnap db cmd: /usr/odybk/vsnap/vdbmgr -printdb "select * from vsnap where snap_opened_type=-2 and snap_root_id=1;"
2014-9-26 16:45:20 INFO:[dataprotect.data.QueryVSnapDB]  query vsnap cmd retcode: 0
2014-9-26 16:45:25 INFO:[dataprotect.data.GetOrphanVol] listdisk cmd: /usr/odybk/vsnap/vdbmgr -printdb "select * from vsnap where snap_opened_type=2 or snap_opened_type=3;"
2014-9-26 16:45:26 INFO:[dataprotect.data.GetOrphanVol] listdisk cmd retcode: 0
2014-9-26 16:45:26 INFO:[dataprotect.cmdp.service.GetInitProgress]  get init-progress cmd: /usr/odybk/server/bin/phydup_hash.sh zulu_cmdp_query_initstat 192.168.1.28,2015,1_C_cmdp_BZH
2014-9-26 16:45:28 INFO:[dataprotect.cmdp.service.GetInitProgress]  get init-progress retcode: 0
2014-9-26 16:45:28 INFO:[dataprotect.data.ManageDB] check mg status cmd: /usr/odybk/vsnap/checkmg 1
2014-9-26 16:45:29 INFO:[dataprotect.data.ManageDB] check mg status cmd retcode: 255
2014-9-26 16:45:40 INFO:[dataprotect.data.GetPool]  getpool cmd: /usr/odybk/vsnap/vdbmgr -pool -prt all
2014-9-26 16:45:41 INFO:[dataprotect.data.GetPool]  getpool retcode: 0
2014-9-26 16:45:41 INFO:[dataprotect.data.GetPoolInfo]  get poolinfo cmd: /usr/odybk/vsnap/poolinfo 1
2014-9-26 16:45:42 INFO:[dataprotect.data.GetPoolInfo]  get poolinfo cmd retcode: 0
2014-9-26 16:45:54 INFO:[dataprotect.data.GetVolumeMap]  get volmap list cmd: /usr/odybk/server/bin/idbmgr -vol -prt all
2014-9-26 16:45:55 INFO:[dataprotect.data.GetVolumeMap]  get volmap list retcode: 0
2014-9-26 16:45:55 INFO:[dataprotect.data.GetMirrorDiskInfo]  get mirror_disk_info cmd: /usr/odybk/server/bin/idbmgr -diskinfo -prt all
2014-9-26 16:45:56 INFO:[dataprotect.data.GetMirrorDiskInfo]  get mirror_disk_info retcode: 0
2014-9-26 16:45:56 INFO:[dataprotect.unlimitedIncMj.model.GetCloneDiskListCmd]  get clone disk list cmd:/usr/odybk/vsnap/idbmgr -cloneinfo -prt  all 
2014-9-26 16:45:57 INFO:[dataprotect.unlimitedIncMj.model.GetCloneDiskListCmd]  get clone disk list cmd retcode:0
2014-9-26 16:45:57 INFO:[dataprotect.data.GetFreePhyVol] listdisk cmd: /usr/odybk/vsnap/vdbmgr -printdb "select * from vsnap where snap_opened_type=2 or snap_opened_type=3;"
2014-9-26 16:45:58 INFO:[dataprotect.data.GetFreePhyVol] listdisk cmd retcode: 0
2014-9-26 16:46:24 INFO:[dataprotect.data.GetVolumeMap]  get volmap list cmd: /usr/odybk/server/bin/idbmgr -vol -prt all
2014-9-26 16:46:25 INFO:[dataprotect.data.GetVolumeMap]  get volmap list retcode: 0
2014-9-26 16:46:25 INFO:[dataprotect.data.GetMirrorDiskInfo]  get mirror_disk_info cmd: /usr/odybk/server/bin/idbmgr -diskinfo -prt all
2014-9-26 16:46:26 INFO:[dataprotect.data.GetMirrorDiskInfo]  get mirror_disk_info retcode: 0
2014-9-26 16:46:26 INFO:[dataprotect.unlimitedIncMj.model.GetCloneDiskListCmd]  get clone disk list cmd:/usr/odybk/vsnap/idbmgr -cloneinfo -prt  all 
2014-9-26 16:46:27 INFO:[dataprotect.unlimitedIncMj.model.GetCloneDiskListCmd]  get clone disk list cmd retcode:0
2014-9-26 16:46:27 INFO:[dataprotect.data.GetFreePhyVol] listdisk cmd: /usr/odybk/vsnap/vdbmgr -printdb "select * from vsnap where snap_opened_type=2 or snap_opened_type=3;"
2014-9-26 16:46:28 INFO:[dataprotect.data.GetFreePhyVol] listdisk cmd retcode: 0
2014-9-26 16:46:38 INFO:[dataprotect.cmdp.action.FailoverByPhyProtectAction] ########### Entering phy-failover action. 
2014-9-26 16:46:40 INFO:[dataprotect.cmdp.action.FailoverByPhyProtectAction] cancel this operation! 
########### End of phy-failover action. 
2014-9-26 16:47:48 INFO:[dataprotect.data.GetBriefVDisk]  get brief disk cmd: /usr/odybk/vsnap/listsnap -m 1
2014-9-26 16:47:49 INFO:[dataprotect.data.GetBriefVDisk]  get brief disk cmd retcode: 0
2014-9-26 16:47:49 INFO:[dataprotect.data.QueryVSnapDB]  query vsnap db cmd: /usr/odybk/vsnap/vdbmgr -printdb "select * from vsnap where snap_opened_type=0 and snap_root_id=1;"
2014-9-26 16:47:50 INFO:[dataprotect.data.QueryVSnapDB]  query vsnap cmd retcode: 0
2014-9-26 16:47:50 INFO:[dataprotect.data.QueryVSnapDB]  query vsnap db cmd: /usr/odybk/vsnap/vdbmgr -printdb "select * from vsnap where snap_opened_type=-1 and snap_root_id=1;"
2014-9-26 16:47:51 INFO:[dataprotect.data.QueryVSnapDB]  query vsnap cmd retcode: 0
2014-9-26 16:47:51 INFO:[dataprotect.data.QueryVSnapDB]  query vsnap db cmd: /usr/odybk/vsnap/vdbmgr -printdb "select * from vsnap where snap_opened_type=-2 and snap_root_id=1;"
2014-9-26 16:47:52 INFO:[dataprotect.data.QueryVSnapDB]  query vsnap cmd retcode: 0
2014-9-26 16:56:20 INFO:[dataprotect.data.GetLunMap] get lunmap cmd: /usr/odybk/server/bin/iscsi_boot_web.sh lslunmap 32768
2014-9-26 16:56:21 INFO:[dataprotect.data.GetLunMap] get lunmap retcode: 0
2014-9-26 16:56:22 INFO:[dataprotect.data.GetBriefVDisk]  get brief disk cmd: /usr/odybk/vsnap/listsnap -m 1
2014-9-26 16:56:23 INFO:[dataprotect.data.GetBriefVDisk]  get brief disk cmd retcode: 0
2014-9-26 16:56:23 INFO:[dataprotect.data.QueryVSnapDB]  query vsnap db cmd: /usr/odybk/vsnap/vdbmgr -printdb "select * from vsnap where snap_opened_type=0 and snap_root_id=1;"
2014-9-26 16:56:24 INFO:[dataprotect.data.QueryVSnapDB]  query vsnap cmd retcode: 0
2014-9-26 16:56:24 INFO:[dataprotect.data.QueryVSnapDB]  query vsnap db cmd: /usr/odybk/vsnap/vdbmgr -printdb "select * from vsnap where snap_opened_type=-1 and snap_root_id=1;"
2014-9-26 16:56:25 INFO:[dataprotect.data.QueryVSnapDB]  query vsnap cmd retcode: 0
2014-9-26 16:56:25 INFO:[dataprotect.data.QueryVSnapDB]  query vsnap db cmd: /usr/odybk/vsnap/vdbmgr -printdb "select * from vsnap where snap_opened_type=-2 and snap_root_id=1;"
2014-9-26 16:56:26 INFO:[dataprotect.data.QueryVSnapDB]  query vsnap cmd retcode: 0
2014-9-26 16:56:52 INFO:[dataprotect.data.QueryVSnapDB]  query vsnap db cmd: /usr/odybk/vsnap/vdbmgr -printdb "select * from vsnap where snap_root_id=1;"
2014-9-26 16:56:53 INFO:[dataprotect.data.QueryVSnapDB]  query vsnap cmd retcode: 0
2014-9-26 16:56:54 INFO:[dataprotect.data.QueryVSnapDB]  query vsnap db cmd: /usr/odybk/vsnap/vdbmgr -printdb "select * from vsnap where snap_root_id=1;"
2014-9-26 16:56:55 INFO:[dataprotect.data.QueryVSnapDB]  query vsnap cmd retcode: 0
2014-9-26 16:56:56 INFO:[dataprotect.data.QueryVSnapDB]  query vsnap db cmd: /usr/odybk/vsnap/vdbmgr -printdb "select * from vsnap where snap_root_id=1;"
2014-9-26 16:56:57 INFO:[dataprotect.data.QueryVSnapDB]  query vsnap cmd retcode: 0
2014-9-26 16:56:59 INFO:[dataprotect.data.QueryVSnapDB]  query vsnap db cmd: /usr/odybk/vsnap/vdbmgr -printdb "select * from vsnap where snap_root_id=1;"
2014-9-26 16:57:00 INFO:[dataprotect.data.QueryVSnapDB]  query vsnap cmd retcode: 0
2014-9-26 16:57:02 INFO:[dataprotect.data.QueryVSnapDB]  query vsnap db cmd: /usr/odybk/vsnap/vdbmgr -printdb "select * from vsnap where snap_root_id=1;"
2014-9-26 16:57:03 INFO:[dataprotect.data.QueryVSnapDB]  query vsnap cmd retcode: 0
2014-9-26 16:57:07 INFO:[dataprotect.data.QueryVSnapDB]  query vsnap db cmd: /usr/odybk/vsnap/vdbmgr -printdb "select * from vsnap where snap_root_id=1;"
2014-9-26 16:57:08 INFO:[dataprotect.data.QueryVSnapDB]  query vsnap cmd retcode: 0
2014-9-26 16:57:09 INFO:[dataprotect.data.GetPool]  getpool cmd: /usr/odybk/vsnap/vdbmgr -pool -prt all
2014-9-26 16:57:10 INFO:[dataprotect.data.GetPool]  getpool retcode: 0
2014-9-26 16:57:10 INFO:[dataprotect.data.GetPoolInfo]  get poolinfo cmd: /usr/odybk/vsnap/poolinfo 1
2014-9-26 16:57:11 INFO:[dataprotect.data.GetPoolInfo]  get poolinfo cmd retcode: 0
2014-9-26 16:57:15 INFO:[dataprotect.data.QueryVSnapDB]  query vsnap db cmd: /usr/odybk/vsnap/vdbmgr -printdb "select * from vsnap where snap_root_id=1;"
2014-9-26 16:57:16 INFO:[dataprotect.data.QueryVSnapDB]  query vsnap cmd retcode: 0
2014-9-26 16:57:17 INFO:[dataprotect.data.QueryVSnapDB]  query vsnap db cmd: /usr/odybk/vsnap/vdbmgr -printdb "select * from vsnap where snap_root_id=1;"
2014-9-26 16:57:18 INFO:[dataprotect.data.QueryVSnapDB]  query vsnap cmd retcode: 0
2014-9-26 16:57:19 INFO:[dataprotect.data.GetBriefVDisk]  get brief disk cmd: /usr/odybk/vsnap/listsnap -m 1
2014-9-26 16:57:20 INFO:[dataprotect.data.GetBriefVDisk]  get brief disk cmd retcode: 0
2014-9-26 16:57:20 INFO:[dataprotect.data.QueryVSnapDB]  query vsnap db cmd: /usr/odybk/vsnap/vdbmgr -printdb "select * from vsnap where snap_opened_type=0 and snap_root_id=1;"
2014-9-26 16:57:21 INFO:[dataprotect.data.QueryVSnapDB]  query vsnap cmd retcode: 0
2014-9-26 16:57:21 INFO:[dataprotect.data.QueryVSnapDB]  query vsnap db cmd: /usr/odybk/vsnap/vdbmgr -printdb "select * from vsnap where snap_opened_type=-1 and snap_root_id=1;"
2014-9-26 16:57:22 INFO:[dataprotect.data.QueryVSnapDB]  query vsnap cmd retcode: 0
2014-9-26 16:57:22 INFO:[dataprotect.data.QueryVSnapDB]  query vsnap db cmd: /usr/odybk/vsnap/vdbmgr -printdb "select * from vsnap where snap_opened_type=-2 and snap_root_id=1;"
2014-9-26 16:57:23 INFO:[dataprotect.data.QueryVSnapDB]  query vsnap cmd retcode: 0
2014-9-26 16:57:24 INFO:[dataprotect.data.GetActiveLink] get Active link cmd: /usr/odybk/server/bin/iscsi_boot_web.sh lsacn 32768
2014-9-26 16:57:26 INFO:[dataprotect.data.GetActiveLink] get Active link retcode: 0
2014-9-26 16:57:30 INFO:[dataprotect.data.GetOrphanVol] listdisk cmd: /usr/odybk/vsnap/vdbmgr -printdb "select * from vsnap where snap_opened_type=2 or snap_opened_type=3;"
2014-9-26 16:57:31 INFO:[dataprotect.data.GetOrphanVol] listdisk cmd retcode: 0
2014-9-26 16:57:31 INFO:[dataprotect.cmdp.service.GetInitProgress]  get init-progress cmd: /usr/odybk/server/bin/phydup_hash.sh zulu_cmdp_query_initstat 192.168.1.28,2015,1_C_cmdp_BZH
2014-9-26 16:57:34 INFO:[dataprotect.cmdp.service.GetInitProgress]  get init-progress retcode: 0
2014-9-26 16:57:34 INFO:[dataprotect.data.ManageDB] check mg status cmd: /usr/odybk/vsnap/checkmg 1
2014-9-26 16:57:35 INFO:[dataprotect.data.ManageDB] check mg status cmd retcode: 255
2014-9-26 16:57:40 INFO:[dataprotect.cmdp.action.FailoverByPhyProtectAction] ########### Entering phy-failover action. 
2014-9-26 16:57:49 INFO:[dataprotect.data.GetServiceOnClnt]  get service (confile) cmd: /sbin/clnt_cmd 192.168.1.28 2015 cmd -cmdtype executeother -command  services_process.exe list 2>/dev/null
2014-9-26 16:57:51 INFO:[dataprotect.data.GetServiceOnClnt]  get service (confile) retcode: 0
2014-9-26 16:57:51 INFO:[dataprotect.data.GetServiceOnClnt]  get service (confile) cmd: cat  /usr/odybk/server/conf//1-service.conf
2014-9-26 16:57:52 INFO:[dataprotect.data.GetServiceOnClnt]  get service (confile) retcode: 0
2014-9-26 16:57:55 INFO:[dataprotect.data.GetIpInfoOnClnt]  get IP info of client cmd: cat /usr/odybk/server/conf//1.conf
2014-9-26 16:57:56 INFO:[dataprotect.data.GetIpInfoOnClnt]  get IP info of client retcode: 0
2014-9-26 16:57:56 INFO:[dataprotect.data.GetNetInfoFromMDB]  get netinfo confile cmd: cat /usr/odybk/server/conf//1.conf
2014-9-26 16:57:57 INFO:[dataprotect.data.GetNetInfoFromMDB]  get netinfo confile retcode: 0
2014-9-26 16:57:58 INFO:[dataprotect.data.GetNetInfoFromMDB]  get netinfo confile cmd: cat /usr/odybk/server/conf//1.conf
2014-9-26 16:57:59 INFO:[dataprotect.data.GetNetInfoFromMDB]  get netinfo confile retcode: 0
2014-9-26 16:57:59 INFO:[dataprotect.data.Get3rdDhcpInfo]  get the 3rd dhcp info cmd: cat /usr/odybk/server/conf//1-3rdDhcp.conf
2014-9-26 16:58:00 INFO:[dataprotect.data.Get3rdDhcpInfo]  get the 3rd dhcp info retcode: 0
2014-9-26 16:58:07 INFO:[dataprotect.unlimitedIncMj.model.GetCloneDiskListCmd]  get clone disk list cmd:/usr/odybk/vsnap/idbmgr -cloneinfo -prt  src_host_id=1 src_host_type=0 src_disk_root_id=1
2014-9-26 16:58:08 INFO:[dataprotect.unlimitedIncMj.model.GetCloneDiskListCmd]  get clone disk list cmd retcode:0
2014-9-26 16:58:08 INFO:[dataprotect.data.QueryVSnapDB]  query vsnap db cmd: /usr/odybk/vsnap/vdbmgr -printdb "select * from vsnap where snap_root_id=1;"
2014-9-26 16:58:09 INFO:[dataprotect.data.QueryVSnapDB]  query vsnap cmd retcode: 0
2014-9-26 16:58:09 INFO:[dataprotect.data.GetBriefVDisk]  get brief disk cmd: /usr/odybk/vsnap/listsnap -m 1
2014-9-26 16:58:10 INFO:[dataprotect.data.GetBriefVDisk]  get brief disk cmd retcode: 0
2014-9-26 16:58:10 INFO:[dataprotect.unlimitedIncMj.model.GetCloneDiskListCmd]  get clone disk list cmd:/usr/odybk/vsnap/idbmgr -cloneinfo -prt  src_host_id=1 src_host_type=0 src_disk_root_id=1
2014-9-26 16:58:11 INFO:[dataprotect.unlimitedIncMj.model.GetCloneDiskListCmd]  get clone disk list cmd retcode:0
2014-9-26 16:58:19 INFO:[dataprotect.data.GetTargetServerName]  get target server name cmd: hostname
2014-9-26 16:58:20 INFO:[dataprotect.data.GetTargetServerName]  get target server name cmd retcode: 0
2014-9-26 16:58:20 INFO:[dataprotect.data.GetIScsiSessionObj]  get iscsi session cmd: shell info connect
2014-9-26 16:58:21 INFO:[dataprotect.data.GetIScsiSessionObj]  get iscsi session cmd retcode: 0
2014-9-26 16:58:21 INFO:[dataprotect.data.AddView]  add view cmd:/usr/odybk/vsnap/create_view 1 6 -v NetStartView-C
2014-9-26 16:58:22 INFO:[dataprotect.data.AddView]  add view cmd retcode:0
2014-9-26 16:58:22 INFO:[dataprotect.cmdp.service.CommonCMDPCommand] zero uuid on sector cmd: /usr/odybk/server/bin/phydup_fun.sh uws_zero_uuid_sector 1,10
2014-9-26 16:58:24 INFO:[dataprotect.data.ManageDB] zero uuid on sector cmd retcode: 0
2014-9-26 16:58:24 INFO:[dataprotect.data.ManageDB] mod boot host: /usr/odybk/server/bin/idbmgr -clnt -mod  clnt_id=1 clnt_auto_switch_disk=0
2014-9-26 16:58:25 INFO:[dataprotect.data.ManageDB] mod boot host retcode: 0
2014-9-26 16:58:25 INFO:[dataprotect.data.ManageDB]  mod volmap cmd: /usr/odybk/server/bin/idbmgr -vol -mod vol_name=1_C_cmdp_BZH setversion=-10 vol_last_sel_boot_version=32772 vol_last_sel_boot_info=20140926165651 last_sel_boot_disk_type=-1
2014-9-26 16:58:26 INFO:[dataprotect.data.ManageDB]  mod volmap cmd retcode: 0
2014-9-26 16:58:26 INFO:[dataprotect.data.ManageDB] addLM cmd: /usr/odybk/server/bin/ib_server_add_lunmap.sh addlunmap 32772 192.168.1.28 255.255.255.255 rw    
2014-9-26 16:58:28 INFO:[dataprotect.data.ManageDB] addLM cmd retcode: 0
2014-9-26 16:58:28 INFO:[dataprotect.data.GetIbootObjList]  get iboot list cmd: shell iboot list
2014-9-26 16:58:29 INFO:[dataprotect.data.GetIbootObjList]  get iboot list cmd retcode: 0
2014-9-26 16:58:29 INFO:[dataprotect.data.ManageDB]  add iboot cmd: shell iboot add 000C29417FB7 192.168.1.253 32772
2014-9-26 16:58:30 INFO:[dataprotect.data.ManageDB]  add iboot cmd retcode: 0
2014-9-26 16:58:30 INFO:[dataprotect.data.GetIbootObjList]  get iboot list cmd: shell iboot list
2014-9-26 16:58:31 INFO:[dataprotect.data.GetIbootObjList]  get iboot list cmd retcode: 0
2014-9-26 16:58:31 INFO:[dataprotect.data.SyncOpCmdWithNoOutput] sync withoutput cmd: /usr/odybk/server/bin/dhcp_set.sh delcli -p 000C29417FB7
2014-9-26 16:58:33 INFO:[dataprotect.data.SyncOpCmdWithNoOutput] sync withoutput cmd retcode: 0
2014-9-26 16:58:38 INFO:[dataprotect.data.SyncOpCmdWithNoOutput] sync withoutput cmd: /usr/odybk/server/bin/dhcp_set.sh addcli  -i 192.168.1.28 -p 000C29417FB7 -s 192.168.1.0 -x 192.168.1.253 -ostype windows
2014-9-26 16:58:41 INFO:[dataprotect.data.SyncOpCmdWithNoOutput] sync withoutput cmd retcode: 0
2014-9-26 16:58:41 INFO:[dataprotect.data.GetClientFromDHCP]  getClntFromDhcp cmd: /usr/odybk/server/bin/dhcp_set.sh listallclients
2014-9-26 16:58:42 INFO:[dataprotect.data.GetClientFromDHCP]  getClntFromDhcp retcode: 0
2014-9-26 16:58:42 INFO:[dataprotect.data.ManageDB] stop_allserv: 1
2014-9-26 16:58:42 INFO:[dataprotect.data.ManageDB] mod boot host: /usr/odybk/server/bin/idbmgr -clnt -mod  clnt_id=1 clnt_stop_base_service=1
2014-9-26 16:58:43 INFO:[dataprotect.data.ManageDB] mod boot host retcode: 0
2014-9-26 17:11:54 INFO:[dataprotect.cmdp.ui.PhyFailoverWizardDialog]  @@#################  Migration System from local disk to iSCSI Begin ###################@@ 
2014-9-26 17:11:54 INFO:[dataprotect.cmdp.ui.PhyFailoverWizardDialog]  @@#################  Connect Agent Begin ###################@@ 
2014-9-26 17:11:58 INFO:[dataprotect.data.GetAgentInfo]  get agt cmd: /sbin/clnt_cmd 192.168.1.28 2015 cmd -cmdtype  getsysinfo 2>/dev/null
2014-9-26 17:16:58 INFO:[dataprotect.data.ManageDB] begin to logout server.
2014-9-26 17:16:58 ERROR:[dataprotect.data.ManageDB] logout server error: 
2014-9-26 17:16:59 INFO:[dataprotect.data.ManageDB] begin to login server.
2014-9-26 17:16:59 INFO:[dataprotect.data.ManageDB] login server successfully.
2014-9-26 17:16:59 INFO:[dataprotect.data.GetAgentInfo]  get agt cmd retcode: -1005
2014-9-26 17:16:59 ERROR:[dataprotect.data.GetAgentInfo]  get agt cmd errmsg: 网络通信超时!
2014-9-26 17:17:03 INFO:[dataprotect.data.GetAgentInfo]  get agt cmd: /sbin/clnt_cmd 192.168.1.28 2015 cmd -cmdtype  getsysinfo 2>/dev/null
