2014-9-26 15:39:16 INFO:[dataprotect.ui.SanBootView] 二炮应急恢复系统配置管理器 6.1.0 版 buildtime:   Log Level: 1
2014-9-26 15:39:16 INFO:[dataprotect.ui.SanBootView] Restore mirror type: 2
2014-9-26 15:39:16 INFO:[dataprotect.ui.SanBootView] global high delta: 0
2014-9-26 15:39:16 INFO:[dataprotect.ui.SanBootView] global width delta: 0
2014-9-26 15:39:26 INFO:[dataprotect.data.ManageDB] begin to login server.
2014-9-26 15:39:26 INFO:[dataprotect.data.ManageDB] login server successfully.
2014-9-26 15:39:26 INFO:[dataprotect.data.GetConfigFile]  get config file cmd: cat /etc/odybk.conf
2014-9-26 15:39:27 INFO:[dataprotect.data.GetConfigFile]  get config file retcode: 0
2014-9-26 15:39:27 INFO:[dataprotect.data.GetDhcpConfig]  get dhcp config cmd: cat /usr/odybk/server/conf/dhcp.conf
2014-9-26 15:39:28 INFO:[dataprotect.data.GetDhcpConfig]  get dhcp config retcode: 0
2014-9-26 15:39:29 INFO:[dataprotect.data.GetBootHost]  get BootHost cmd: /usr/odybk/server/bin/idbmgr -clnt -prt all
2014-9-26 15:39:30 INFO:[dataprotect.data.GetBootHost]  get BootHost retcode: 0
2014-9-26 15:39:30 INFO:[dataprotect.datadup.cmd.GetBakClient]  get bak clnt cmd: /usr/odybk/server/bin/dbmgr -clnt -prt all
2014-9-26 15:39:31 INFO:[dataprotect.datadup.cmd.GetBakClient]  get bak clnt cmd retcode: 0
2014-9-26 15:39:31 INFO:[dataprotect.data.GetVolumeMap]  get volmap list cmd: /usr/odybk/server/bin/idbmgr -vol -prt all
2014-9-26 15:39:32 INFO:[dataprotect.data.GetVolumeMap]  get volmap list retcode: 0
2014-9-26 15:39:32 INFO:[dataprotect.data.GetIbootObjList]  get iboot list cmd: shell iboot list
2014-9-26 15:39:33 INFO:[dataprotect.data.GetIbootObjList]  get iboot list cmd retcode: 0
2014-9-26 15:39:33 INFO:[dataprotect.data.GetServMap]  get servicemap cmd: /usr/odybk/server/bin/idbmgr -serv -prt all
2014-9-26 15:39:34 INFO:[dataprotect.data.GetServMap]  get servicemap retcode: 0
2014-9-26 15:39:34 INFO:[dataprotect.data.GetBackupUser]  get bak user cmd: /usr/odybk/server/bin/dbmgr -acct -prt all
2014-9-26 15:39:35 INFO:[dataprotect.data.GetBackupUser]  get bak user cmd retcode: 0
2014-9-26 15:39:35 INFO:[dataprotect.data.GetPool]  getpool cmd: /usr/odybk/vsnap/vdbmgr -pool -prt all
2014-9-26 15:39:36 INFO:[dataprotect.data.GetPool]  getpool retcode: 0
2014-9-26 15:39:36 INFO:[dataprotect.data.GetMGList]  get mg cmd: /usr/odybk/vsnap/vdbmgr -mg -prt all
2014-9-26 15:39:37 INFO:[dataprotect.data.GetMGList]  get mg retcode: 0
2014-9-26 15:39:37 INFO:[dataprotect.data.GetNetBootedHost]  get netbooted-host cmd: /usr/odybk/server/bin/idbmgr -dstagnt -prt all
2014-9-26 15:39:38 INFO:[dataprotect.data.GetNetBootedHost]  get netbooted-host retcode: 0
2014-9-26 15:39:38 INFO:[dataprotect.data.GetMirrorSnapusage]  get mirror_snap_usage cmd: /usr/odybk/server/bin/idbmgr -snapusage -prt all
2014-9-26 15:39:39 INFO:[dataprotect.data.GetMirrorSnapusage]  get mirror_snap_usage retcode: 0
2014-9-26 15:39:39 INFO:[dataprotect.cmdp.service.GetDriveGroup]  get drivegroup cmd: /usr/odybk/server/bin/phydup_hash.sh uws_drivesgroup_getall
2014-9-26 15:39:41 INFO:[dataprotect.cmdp.service.GetDriveGroup]  get drivegroup retcode: 0
2014-9-26 15:39:41 INFO:[dataprotect.datadup.cmd.ListProfile]  list profile cmd: /usr/odybk/server/bin/listprofile
2014-9-26 15:39:42 INFO:[dataprotect.datadup.cmd.ListProfile]  list profile recode: 0
2014-9-26 15:39:42 INFO:[dataprotect.datadup.cmd.GetBakObjList]  list bakobj cmd: /usr/odybk/server/bin/dbmgr -bobj -prt all
2014-9-26 15:39:43 INFO:[dataprotect.datadup.cmd.GetBakObjList]  list bakobj cmd retcode: 0
2014-9-26 15:39:43 INFO:[dataprotect.datadup.cmd.GetSchList]  get sch list cmd: /usr/odybk/server/bin/dbmgr -sch -prt all
2014-9-26 15:39:44 INFO:[dataprotect.datadup.cmd.GetSchList]  get sch list cmd retcode: 0
2014-9-26 15:39:44 INFO:[dataprotect.data.GetPoolInfo]  get poolinfo cmd: /usr/odybk/vsnap/poolinfo 1
2014-9-26 15:39:45 INFO:[dataprotect.data.GetPoolInfo]  get poolinfo cmd retcode: 0
2014-9-26 15:39:45 INFO:[dataprotect.data.GetLicence]  get license cmd: /usr/odybk/server/bin/listlicence
2014-9-26 15:39:46 INFO:[dataprotect.data.GetLicence]  get license retcode: 0
2014-9-26 15:39:46 INFO:[dataprotect.ui.InitApp] mtpp point: 8
2014-9-26 15:39:46 INFO:[dataprotect.ui.InitApp] cmdp point: 8
2014-9-26 15:39:46 INFO:[dataprotect.ui.InitApp] mtpp maxsnap num: 128
2014-9-26 15:39:46 INFO:[dataprotect.ui.InitApp] cmdp maxsnap num: 128
2014-9-26 15:39:47 INFO:[dataprotect.data.ManageDB]  add audit log cmd: /usr/odybk/server/bin/idbmgr -audit -add  audit_user_id=1 audit_time=20140926153947 audit_clnt_id=0 audit_event_id=2  "audit_event_desc=Logon to system successfully."
2014-9-26 15:39:48 INFO:[dataprotect.data.ManageDB]  add audit log retcode: 0
2014-9-26 15:39:51 INFO:[dataprotect.LogoutAction] ########### Entering logout action. 
2014-9-26 15:39:51 INFO:[dataprotect.data.ManageDB]  add audit log cmd: /usr/odybk/server/bin/idbmgr -audit -add  audit_user_id=1 audit_time=20140926153951 audit_clnt_id=0 audit_event_id=3  "audit_event_desc=Logout from system successfully."
2014-9-26 15:39:52 INFO:[dataprotect.data.ManageDB]  add audit log retcode: 0
2014-9-26 15:39:52 INFO:[dataprotect.data.ManageDB] begin to logout server.
2014-9-26 15:39:52 ERROR:[dataprotect.data.ManageDB] logout server error: 
2014-9-26 15:39:52 INFO:[dataprotect.LogoutAction] ########### End of logout action. 
2014-9-26 15:39:53 INFO:[dataprotect.LoginAction] ########### Entering login action. 
2014-9-26 15:40:09 INFO:[dataprotect.data.ManageDB] begin to login server.
2014-9-26 15:40:09 INFO:[dataprotect.data.ManageDB] login server successfully.
2014-9-26 15:40:09 INFO:[dataprotect.data.GetConfigFile]  get config file cmd: cat /etc/odybk.conf
2014-9-26 15:40:10 INFO:[dataprotect.data.GetConfigFile]  get config file retcode: 0
2014-9-26 15:40:10 INFO:[dataprotect.data.GetDhcpConfig]  get dhcp config cmd: cat /usr/odybk/server/conf/dhcp.conf
2014-9-26 15:40:11 INFO:[dataprotect.data.GetDhcpConfig]  get dhcp config retcode: 0
2014-9-26 15:40:11 INFO:[dataprotect.data.GetBootHost]  get BootHost cmd: /usr/odybk/server/bin/idbmgr -clnt -prt all
2014-9-26 15:40:12 INFO:[dataprotect.data.GetBootHost]  get BootHost retcode: 0
2014-9-26 15:40:12 INFO:[dataprotect.datadup.cmd.GetBakClient]  get bak clnt cmd: /usr/odybk/server/bin/dbmgr -clnt -prt all
2014-9-26 15:40:13 INFO:[dataprotect.datadup.cmd.GetBakClient]  get bak clnt cmd retcode: 0
2014-9-26 15:40:13 INFO:[dataprotect.data.GetVolumeMap]  get volmap list cmd: /usr/odybk/server/bin/idbmgr -vol -prt all
2014-9-26 15:40:14 INFO:[dataprotect.data.GetVolumeMap]  get volmap list retcode: 0
2014-9-26 15:40:14 INFO:[dataprotect.data.GetIbootObjList]  get iboot list cmd: shell iboot list
2014-9-26 15:40:15 INFO:[dataprotect.data.GetIbootObjList]  get iboot list cmd retcode: 0
2014-9-26 15:40:15 INFO:[dataprotect.data.GetServMap]  get servicemap cmd: /usr/odybk/server/bin/idbmgr -serv -prt all
2014-9-26 15:40:16 INFO:[dataprotect.data.GetServMap]  get servicemap retcode: 0
2014-9-26 15:40:16 INFO:[dataprotect.data.GetBackupUser]  get bak user cmd: /usr/odybk/server/bin/dbmgr -acct -prt all
2014-9-26 15:40:17 INFO:[dataprotect.data.GetBackupUser]  get bak user cmd retcode: 0
2014-9-26 15:40:17 INFO:[dataprotect.data.GetPool]  getpool cmd: /usr/odybk/vsnap/vdbmgr -pool -prt all
2014-9-26 15:40:18 INFO:[dataprotect.data.GetPool]  getpool retcode: 0
2014-9-26 15:40:18 INFO:[dataprotect.data.GetMGList]  get mg cmd: /usr/odybk/vsnap/vdbmgr -mg -prt all
2014-9-26 15:40:19 INFO:[dataprotect.data.GetMGList]  get mg retcode: 0
2014-9-26 15:40:19 INFO:[dataprotect.data.GetNetBootedHost]  get netbooted-host cmd: /usr/odybk/server/bin/idbmgr -dstagnt -prt all
2014-9-26 15:40:20 INFO:[dataprotect.data.GetNetBootedHost]  get netbooted-host retcode: 0
2014-9-26 15:40:20 INFO:[dataprotect.data.GetMirrorSnapusage]  get mirror_snap_usage cmd: /usr/odybk/server/bin/idbmgr -snapusage -prt all
2014-9-26 15:40:21 INFO:[dataprotect.data.GetMirrorSnapusage]  get mirror_snap_usage retcode: 0
2014-9-26 15:40:21 INFO:[dataprotect.cmdp.service.GetDriveGroup]  get drivegroup cmd: /usr/odybk/server/bin/phydup_hash.sh uws_drivesgroup_getall
2014-9-26 15:40:23 INFO:[dataprotect.cmdp.service.GetDriveGroup]  get drivegroup retcode: 0
2014-9-26 15:40:23 INFO:[dataprotect.datadup.cmd.ListProfile]  list profile cmd: /usr/odybk/server/bin/listprofile
2014-9-26 15:40:24 INFO:[dataprotect.datadup.cmd.ListProfile]  list profile recode: 0
2014-9-26 15:40:24 INFO:[dataprotect.datadup.cmd.GetBakObjList]  list bakobj cmd: /usr/odybk/server/bin/dbmgr -bobj -prt all
2014-9-26 15:40:25 INFO:[dataprotect.datadup.cmd.GetBakObjList]  list bakobj cmd retcode: 0
2014-9-26 15:40:25 INFO:[dataprotect.datadup.cmd.GetSchList]  get sch list cmd: /usr/odybk/server/bin/dbmgr -sch -prt all
2014-9-26 15:40:26 INFO:[dataprotect.datadup.cmd.GetSchList]  get sch list cmd retcode: 0
2014-9-26 15:40:26 INFO:[dataprotect.data.GetPoolInfo]  get poolinfo cmd: /usr/odybk/vsnap/poolinfo 1
2014-9-26 15:40:27 INFO:[dataprotect.data.GetPoolInfo]  get poolinfo cmd retcode: 0
2014-9-26 15:40:27 INFO:[dataprotect.data.GetLicence]  get license cmd: /usr/odybk/server/bin/listlicence
2014-9-26 15:40:28 INFO:[dataprotect.data.GetLicence]  get license retcode: 0
2014-9-26 15:40:28 INFO:[dataprotect.ui.InitApp] mtpp point: 8
2014-9-26 15:40:28 INFO:[dataprotect.ui.InitApp] cmdp point: 8
2014-9-26 15:40:28 INFO:[dataprotect.ui.InitApp] mtpp maxsnap num: 128
2014-9-26 15:40:28 INFO:[dataprotect.ui.InitApp] cmdp maxsnap num: 128
2014-9-26 15:40:30 INFO:[dataprotect.data.ManageDB]  add audit log cmd: /usr/odybk/server/bin/idbmgr -audit -add  audit_user_id=1 audit_time=20140926154030 audit_clnt_id=0 audit_event_id=2  "audit_event_desc=Logon to system successfully."
2014-9-26 15:40:31 INFO:[dataprotect.data.ManageDB]  add audit log retcode: 0
2014-9-26 15:40:31 INFO:[dataprotect.LoginAction] ########### End of login action. 
2014-9-26 15:40:32 INFO:[dataprotect.DhcpSet] ########### Entering dhcp operation action. 
2014-9-26 15:40:38 INFO:[dataprotect.data.ViewTextFile] viewFile cmd: cat /etc/sysconfig/customdrv/dhcpenable
2014-9-26 15:40:39 INFO:[dataprotect.data.ViewTextFile] viewFile cmd retcode: 0
2014-9-26 15:40:39 INFO:[dataprotect.data.GetGlobalOptFromDHCP] getGlobalOptFromDHCP cmd: /usr/odybk/server/bin/dhcp_set.sh listglobal
2014-9-26 15:40:40 INFO:[dataprotect.data.GetGlobalOptFromDHCP] getGlobalOptFromDHCP retcode: 0
2014-9-26 15:40:40 INFO:[dataprotect.data.GetSubnetFromDHCP] getSubnet from dhcp cmd: /usr/odybk/server/bin/dhcp_set.sh getsubnetinfo
2014-9-26 15:40:41 INFO:[dataprotect.data.GetSubnetFromDHCP] getSubnet from dhcp retcode: 0
2014-9-26 15:40:41 INFO:[dataprotect.data.GetIBootSrvFromDHCP] getIBootSrvFromDHCP cmd: /usr/odybk/server/bin/dhcp_set.sh listnextserver
2014-9-26 15:40:42 INFO:[dataprotect.data.GetIBootSrvFromDHCP] getIBootSrvFromDHCP retcode: 0
2014-9-26 15:40:42 INFO:[dataprotect.data.GetClientFromDHCP]  getClntFromDhcp cmd: /usr/odybk/server/bin/dhcp_set.sh listallclients
2014-9-26 15:40:43 INFO:[dataprotect.data.GetClientFromDHCP]  getClntFromDhcp retcode: 0
2014-9-26 15:40:43 INFO:[dataprotect.data.ManageDB]  send this file to server: tmp8236869810582768464prof
2014-9-26 15:40:43 INFO:[dataprotect.data.ManageDB]  send file to server retcode: 0
2014-9-26 15:40:43 INFO:[dataprotect.data.ManageDB]  mv cmd: mv /usr/odybk/server/tmp/tmp8236869810582768464prof /usr/odybk/server/conf/dhcp.conf
2014-9-26 15:40:44 INFO:[dataprotect.data.ManageDB]  mv cmd retcode: 0
2014-9-26 15:40:44 INFO:[dataprotect.data.ManageDB]  send this file to server: tmp7684717152225949231prof
2014-9-26 15:40:44 INFO:[dataprotect.data.ManageDB]  send file to server retcode: 0
2014-9-26 15:40:44 INFO:[dataprotect.data.ManageDB]  mv cmd: mv /usr/odybk/server/tmp/tmp7684717152225949231prof /usr/odybk/server/conf/dhcp.conf
2014-9-26 15:40:45 INFO:[dataprotect.data.ManageDB]  mv cmd retcode: 0
2014-9-26 15:40:45 INFO:[dataprotect.DhcpSet] ########### End of dhcp operation acion. 
2014-9-26 15:41:13 INFO:[dataprotect.DhcpSet] ########### Entering dhcp operation action. 
2014-9-26 15:41:53 INFO:[dataprotect.DhcpSet] ########### End of dhcp operation acion. 
