2014-9-26 16:19:43 INFO:[dataprotect.ui.SanBootView] 二炮应急恢复系统配置管理器 6.1.0 版 buildtime:   Log Level: 1
2014-9-26 16:19:43 INFO:[dataprotect.ui.SanBootView] Restore mirror type: 2
2014-9-26 16:19:43 INFO:[dataprotect.ui.SanBootView] global high delta: 0
2014-9-26 16:19:43 INFO:[dataprotect.ui.SanBootView] global width delta: 0
2014-9-26 16:19:50 INFO:[dataprotect.data.ManageDB] begin to login server.
2014-9-26 16:19:50 INFO:[dataprotect.data.ManageDB] login server successfully.
2014-9-26 16:19:50 INFO:[dataprotect.data.GetConfigFile]  get config file cmd: cat /etc/odybk.conf
2014-9-26 16:19:51 INFO:[dataprotect.data.GetConfigFile]  get config file retcode: 0
2014-9-26 16:19:51 INFO:[dataprotect.data.GetDhcpConfig]  get dhcp config cmd: cat /usr/odybk/server/conf/dhcp.conf
2014-9-26 16:19:52 INFO:[dataprotect.data.GetDhcpConfig]  get dhcp config retcode: 0
2014-9-26 16:19:53 INFO:[dataprotect.ui.InitApp] getting dhcp info.....
2014-9-26 16:19:53 INFO:[dataprotect.data.ViewTextFile] viewFile cmd: cat /etc/sysconfig/customdrv/dhcpenable
2014-9-26 16:19:54 INFO:[dataprotect.data.ViewTextFile] viewFile cmd retcode: 0
2014-9-26 16:19:54 INFO:[dataprotect.ui.InitApp]  dhcpEnable: true
2014-9-26 16:19:54 INFO:[dataprotect.data.GetGlobalOptFromDHCP] getGlobalOptFromDHCP cmd: /usr/odybk/server/bin/dhcp_set.sh listglobal
2014-9-26 16:19:55 INFO:[dataprotect.data.GetGlobalOptFromDHCP] getGlobalOptFromDHCP retcode: 0
2014-9-26 16:19:55 INFO:[dataprotect.data.GetSubnetFromDHCP] getSubnet from dhcp cmd: /usr/odybk/server/bin/dhcp_set.sh getsubnetinfo
2014-9-26 16:19:56 INFO:[dataprotect.data.GetSubnetFromDHCP] getSubnet from dhcp retcode: 0
2014-9-26 16:19:56 INFO:[dataprotect.data.GetIBootSrvFromDHCP] getIBootSrvFromDHCP cmd: /usr/odybk/server/bin/dhcp_set.sh listnextserver
2014-9-26 16:19:57 INFO:[dataprotect.data.GetIBootSrvFromDHCP] getIBootSrvFromDHCP retcode: 0
2014-9-26 16:19:57 INFO:[dataprotect.data.GetClientFromDHCP]  getClntFromDhcp cmd: /usr/odybk/server/bin/dhcp_set.sh listallclients
2014-9-26 16:19:58 INFO:[dataprotect.data.GetClientFromDHCP]  getClntFromDhcp retcode: 0
2014-9-26 16:19:58 INFO:[dataprotect.data.GetBootHost]  get BootHost cmd: /usr/odybk/server/bin/idbmgr -clnt -prt all
2014-9-26 16:19:59 INFO:[dataprotect.data.GetBootHost]  get BootHost retcode: 0
2014-9-26 16:19:59 INFO:[dataprotect.datadup.cmd.GetBakClient]  get bak clnt cmd: /usr/odybk/server/bin/dbmgr -clnt -prt all
2014-9-26 16:20:00 INFO:[dataprotect.datadup.cmd.GetBakClient]  get bak clnt cmd retcode: 0
2014-9-26 16:20:00 INFO:[dataprotect.data.GetVolumeMap]  get volmap list cmd: /usr/odybk/server/bin/idbmgr -vol -prt all
2014-9-26 16:20:01 INFO:[dataprotect.data.GetVolumeMap]  get volmap list retcode: 0
2014-9-26 16:20:01 INFO:[dataprotect.data.GetIbootObjList]  get iboot list cmd: shell iboot list
2014-9-26 16:20:02 INFO:[dataprotect.data.GetIbootObjList]  get iboot list cmd retcode: 0
2014-9-26 16:20:02 INFO:[dataprotect.data.GetServMap]  get servicemap cmd: /usr/odybk/server/bin/idbmgr -serv -prt all
2014-9-26 16:20:03 INFO:[dataprotect.data.GetServMap]  get servicemap retcode: 0
2014-9-26 16:20:03 INFO:[dataprotect.data.GetBackupUser]  get bak user cmd: /usr/odybk/server/bin/dbmgr -acct -prt all
2014-9-26 16:20:04 INFO:[dataprotect.data.GetBackupUser]  get bak user cmd retcode: 0
2014-9-26 16:20:04 INFO:[dataprotect.data.GetPool]  getpool cmd: /usr/odybk/vsnap/vdbmgr -pool -prt all
2014-9-26 16:20:05 INFO:[dataprotect.data.GetPool]  getpool retcode: 0
2014-9-26 16:20:05 INFO:[dataprotect.data.GetMGList]  get mg cmd: /usr/odybk/vsnap/vdbmgr -mg -prt all
2014-9-26 16:20:06 INFO:[dataprotect.data.GetMGList]  get mg retcode: 0
2014-9-26 16:20:06 INFO:[dataprotect.data.GetNetBootedHost]  get netbooted-host cmd: /usr/odybk/server/bin/idbmgr -dstagnt -prt all
2014-9-26 16:20:07 INFO:[dataprotect.data.GetNetBootedHost]  get netbooted-host retcode: 0
2014-9-26 16:20:07 INFO:[dataprotect.data.GetMirrorSnapusage]  get mirror_snap_usage cmd: /usr/odybk/server/bin/idbmgr -snapusage -prt all
2014-9-26 16:20:08 INFO:[dataprotect.data.GetMirrorSnapusage]  get mirror_snap_usage retcode: 0
2014-9-26 16:20:08 INFO:[dataprotect.cmdp.service.GetDriveGroup]  get drivegroup cmd: /usr/odybk/server/bin/phydup_hash.sh uws_drivesgroup_getall
2014-9-26 16:20:10 INFO:[dataprotect.cmdp.service.GetDriveGroup]  get drivegroup retcode: 0
2014-9-26 16:20:10 INFO:[dataprotect.datadup.cmd.ListProfile]  list profile cmd: /usr/odybk/server/bin/listprofile
2014-9-26 16:20:11 INFO:[dataprotect.datadup.cmd.ListProfile]  list profile recode: 0
2014-9-26 16:20:11 INFO:[dataprotect.datadup.cmd.GetBakObjList]  list bakobj cmd: /usr/odybk/server/bin/dbmgr -bobj -prt all
2014-9-26 16:20:12 INFO:[dataprotect.datadup.cmd.GetBakObjList]  list bakobj cmd retcode: 0
2014-9-26 16:20:12 INFO:[dataprotect.datadup.cmd.GetSchList]  get sch list cmd: /usr/odybk/server/bin/dbmgr -sch -prt all
2014-9-26 16:20:13 INFO:[dataprotect.datadup.cmd.GetSchList]  get sch list cmd retcode: 0
2014-9-26 16:20:13 INFO:[dataprotect.data.GetPoolInfo]  get poolinfo cmd: /usr/odybk/vsnap/poolinfo 1
2014-9-26 16:20:14 INFO:[dataprotect.data.GetPoolInfo]  get poolinfo cmd retcode: 0
2014-9-26 16:20:14 INFO:[dataprotect.data.GetLicence]  get license cmd: /usr/odybk/server/bin/listlicence
2014-9-26 16:20:15 INFO:[dataprotect.data.GetLicence]  get license retcode: 0
2014-9-26 16:20:15 INFO:[dataprotect.ui.InitApp] mtpp point: 8
2014-9-26 16:20:15 INFO:[dataprotect.ui.InitApp] cmdp point: 8
2014-9-26 16:20:15 INFO:[dataprotect.ui.InitApp] mtpp maxsnap num: 128
2014-9-26 16:20:15 INFO:[dataprotect.ui.InitApp] cmdp maxsnap num: 128
2014-9-26 16:20:15 INFO:[dataprotect.data.ManageDB]  add audit log cmd: /usr/odybk/server/bin/idbmgr -audit -add  audit_user_id=1 audit_time=20140926162015 audit_clnt_id=0 audit_event_id=2  "audit_event_desc=Logon to system successfully."
2014-9-26 16:20:17 INFO:[dataprotect.data.ManageDB]  add audit log retcode: 0
2014-9-26 16:20:59 INFO:[dataprotect.DhcpSet] ########### Entering dhcp operation action. 
2014-9-26 16:21:01 INFO:[dataprotect.DhcpSet] ########### End of dhcp operation acion. 
2014-9-26 16:21:02 INFO:[dataprotect.cmdp.action.InitHostByPhyProtectAction] ########### Entering window host's phy-init process
2014-9-26 16:21:02 INFO:[dataprotect.data.GetPool]  getpool cmd: /usr/odybk/vsnap/vdbmgr -pool -prt all
2014-9-26 16:21:03 INFO:[dataprotect.data.GetPool]  getpool retcode: 0
2014-9-26 16:21:03 INFO:[dataprotect.data.GetPoolInfo]  get poolinfo cmd: /usr/odybk/vsnap/poolinfo 1
2014-9-26 16:21:04 INFO:[dataprotect.data.GetPoolInfo]  get poolinfo cmd retcode: 0
2014-9-26 16:21:21 INFO:[dataprotect.data.GetAgentInfo]  get agt cmd: /sbin/clnt_cmd 192.168.1.28 2015 cmd -cmdtype getsysinfo 2>/dev/null
2014-9-26 16:21:23 INFO:[dataprotect.data.GetAgentInfo]  get agt cmd retcode: 0
2014-9-26 16:21:23 INFO:[dataprotect.data.GetAgentUUID]  get agt uuid cmd: /sbin/clnt_cmd 192.168.1.28 2015 cmd -cmdtype executeother -command  pc_gen_uuid.exe zxcvb12345 -get
2014-9-26 16:21:25 INFO:[dataprotect.data.GetAgentUUID]  get agt uuid cmd retcode: 0
2014-9-26 16:21:25 INFO:[dataprotect.data.GetVolumeMap]  get volmap list cmd: /usr/odybk/server/bin/idbmgr -vol -prt all
2014-9-26 16:21:26 INFO:[dataprotect.data.GetVolumeMap]  get volmap list retcode: 0
2014-9-26 16:21:26 INFO:[dataprotect.data.GetMirrorDiskInfo]  get mirror_disk_info cmd: /usr/odybk/server/bin/idbmgr -diskinfo -prt all
2014-9-26 16:21:27 INFO:[dataprotect.data.GetMirrorDiskInfo]  get mirror_disk_info retcode: 0
2014-9-26 16:21:27 INFO:[dataprotect.unlimitedIncMj.model.GetCloneDiskListCmd]  get clone disk list cmd:/usr/odybk/vsnap/idbmgr -cloneinfo -prt  all 
2014-9-26 16:21:28 INFO:[dataprotect.unlimitedIncMj.model.GetCloneDiskListCmd]  get clone disk list cmd retcode:0
2014-9-26 16:21:28 INFO:[dataprotect.cmdp.service.GetFreePhyVol1] listdisk cmd: /usr/odybk/vsnap/vdbmgr -printdb "select * from vsnap where snap_opened_type=2 or snap_opened_type=3;"
2014-9-26 16:21:29 INFO:[dataprotect.cmdp.service.GetFreePhyVol1] listdisk cmd retcode: 0
2014-9-26 16:21:29 INFO:[dataprotect.cmdp.service.GetVolInfoOnClnt]  get partition (confile) cmd: /usr/odybk/server/bin/phydup_hash.sh uws_agt_list_volume 192.168.1.28,2015
2014-9-26 16:21:32 INFO:[dataprotect.cmdp.service.GetVolInfoOnClnt]  get partition (confile) retcode: 0
2014-9-26 16:21:32 INFO:[dataprotect.data.GetServiceOnClnt]  get service (confile) cmd: /sbin/clnt_cmd 192.168.1.28 2015 cmd -cmdtype executeother -command  services_process.exe list 2>/dev/null
2014-9-26 16:21:34 INFO:[dataprotect.data.GetServiceOnClnt]  get service (confile) retcode: 0
2014-9-26 16:21:34 INFO:[dataprotect.data.GetDiskPartitionTableForWinOnClnt]  get old(new) disk partition table for win cmd: /sbin/clnt_cmd 192.168.1.28 2015 cmd -cmdtype executeother -command  ib_save_partition.exe -list_local
2014-9-26 16:21:37 INFO:[dataprotect.data.GetDiskPartitionTableForWinOnClnt]  get old(new) disk partition table for win retcode: 0
2014-9-26 16:21:37 INFO:[dataprotect.data.ManageDB] isStartupfromSAN cmd: /sbin/clnt_cmd 192.168.1.28 2015 cmd -cmdtype executeother -command  ib_get_disk_type.exe C
2014-9-26 16:21:39 INFO:[dataprotect.data.ManageDB] isStartupFromSAN cmd retcode: 0
2014-9-26 16:23:25 INFO:[dataprotect.cmdp.action.InitHostByPhyProtectAction] ########### End of window host's phy-init process action. 
